This is pdfTeX, Version 3.141592653-2.6-1.40.25 (TeX Live 2023/Arch Linux) (preloaded format=pdflatex 2024.1.9)  16 FEB 2024 16:34
entering extended mode
 restricted \write18 enabled.
 file:line:error style messages enabled.
 %&-line parsing enabled.
**/home/jakeb/final-year-project-latex/01-main.tex
(/home/jakeb/final-year-project-latex/01-main.tex
LaTeX2e <2022-11-01> patch level 1
L3 programming layer <2023-02-22> (./abdnthesis.cls
Document Class: abdnthesis 2013/08/11 2.3 ABDN Thesis Class
(/usr/share/texmf-dist/tex/generic/iftex/ifpdf.sty
Package: ifpdf 2019/10/25 v3.4 ifpdf legacy package. Use iftex instead.
 (/usr/share/texmf-dist/tex/generic/iftex/iftex.sty
Package: iftex 2022/02/03 v1.0f TeX engine tests
)) (/usr/share/texmf-dist/tex/latex/setspace/setspace.sty
Package: setspace 2022/12/04 v6.7b set line spacing
) (/usr/share/texmf-dist/tex/latex/base/book.cls
Document Class: book 2022/07/02 v1.4n Standard LaTeX document class
(/usr/share/texmf-dist/tex/latex/base/bk12.clo
File: bk12.clo 2022/07/02 v1.4n Standard LaTeX file (size option)
)
\c@part=\count185
\c@chapter=\count186
\c@section=\count187
\c@subsection=\count188
\c@subsubsection=\count189
\c@paragraph=\count190
\c@subparagraph=\count191
\c@figure=\count192
\c@table=\count193
\abovecaptionskip=\skip48
\belowcaptionskip=\skip49
\bibindent=\dimen140
) (/usr/share/texmf-dist/tex/latex/graphics/graphicx.sty
Package: graphicx 2021/09/16 v1.2d Enhanced LaTeX Graphics (DPC,SPQR)
 (/usr/share/texmf-dist/tex/latex/graphics/keyval.sty
Package: keyval 2022/05/29 v1.15 key=value parser (DPC)
\KV@toks@=\toks16
) (/usr/share/texmf-dist/tex/latex/graphics/graphics.sty
Package: graphics 2022/03/10 v1.4e Standard LaTeX Graphics (DPC,SPQR)
 (/usr/share/texmf-dist/tex/latex/graphics/trig.sty
Package: trig 2021/08/11 v1.11 sin cos tan (DPC)
) (/usr/share/texmf-dist/tex/latex/graphics-cfg/graphics.cfg
File: graphics.cfg 2016/06/04 v1.11 sample graphics configuration
)
Package graphics Info: Driver file: pdftex.def on input line 107.
 (/usr/share/texmf-dist/tex/latex/graphics-def/pdftex.def
File: pdftex.def 2022/09/22 v1.2b Graphics/color driver for pdftex
))
\Gin@req@height=\dimen141
\Gin@req@width=\dimen142
) (/usr/share/texmf-dist/tex/latex/psnfss/mathptmx.sty
Package: mathptmx 2020/03/25 PSNFSS-v9.3 Times w/ Math, improved (SPQR, WaS) 
LaTeX Font Info:    Redeclaring symbol font `operators' on input line 28.
LaTeX Font Info:    Overwriting symbol font `operators' in version `normal'
(Font)                  OT1/cmr/m/n --> OT1/ztmcm/m/n on input line 28.
LaTeX Font Info:    Overwriting symbol font `operators' in version `bold'
(Font)                  OT1/cmr/bx/n --> OT1/ztmcm/m/n on input line 28.
LaTeX Font Info:    Redeclaring symbol font `letters' on input line 29.
LaTeX Font Info:    Overwriting symbol font `letters' in version `normal'
(Font)                  OML/cmm/m/it --> OML/ztmcm/m/it on input line 29.
LaTeX Font Info:    Overwriting symbol font `letters' in version `bold'
(Font)                  OML/cmm/b/it --> OML/ztmcm/m/it on input line 29.
LaTeX Font Info:    Redeclaring symbol font `symbols' on input line 30.
LaTeX Font Info:    Overwriting symbol font `symbols' in version `normal'
(Font)                  OMS/cmsy/m/n --> OMS/ztmcm/m/n on input line 30.
LaTeX Font Info:    Overwriting symbol font `symbols' in version `bold'
(Font)                  OMS/cmsy/b/n --> OMS/ztmcm/m/n on input line 30.
LaTeX Font Info:    Redeclaring symbol font `largesymbols' on input line 31.
LaTeX Font Info:    Overwriting symbol font `largesymbols' in version `normal'
(Font)                  OMX/cmex/m/n --> OMX/ztmcm/m/n on input line 31.
LaTeX Font Info:    Overwriting symbol font `largesymbols' in version `bold'
(Font)                  OMX/cmex/m/n --> OMX/ztmcm/m/n on input line 31.
\symbold=\mathgroup4
\symitalic=\mathgroup5
LaTeX Font Info:    Redeclaring math alphabet \mathbf on input line 34.
LaTeX Font Info:    Overwriting math alphabet `\mathbf' in version `normal'
(Font)                  OT1/cmr/bx/n --> OT1/ptm/bx/n on input line 34.
LaTeX Font Info:    Overwriting math alphabet `\mathbf' in version `bold'
(Font)                  OT1/cmr/bx/n --> OT1/ptm/bx/n on input line 34.
LaTeX Font Info:    Redeclaring math alphabet \mathit on input line 35.
LaTeX Font Info:    Overwriting math alphabet `\mathit' in version `normal'
(Font)                  OT1/cmr/m/it --> OT1/ptm/m/it on input line 35.
LaTeX Font Info:    Overwriting math alphabet `\mathit' in version `bold'
(Font)                  OT1/cmr/bx/it --> OT1/ptm/m/it on input line 35.
LaTeX Info: Redefining \hbar on input line 50.
)
LaTeX Font Info:    Overwriting math alphabet `\mathcal' in version `normal'
(Font)                  OMS/ztmcm/m/n --> OMS/cmsy/m/n on input line 227.
LaTeX Font Info:    Overwriting math alphabet `\mathcal' in version `bold'
(Font)                  OMS/ztmcm/m/n --> OMS/cmsy/b/n on input line 228.
 (/usr/share/texmf-dist/tex/latex/fancyhdr/fancyhdr.sty
Package: fancyhdr 2022/11/09 v4.1 Extensive control of page headers and footers
\f@nch@headwidth=\skip50
\f@nch@O@elh=\skip51
\f@nch@O@erh=\skip52
\f@nch@O@olh=\skip53
\f@nch@O@orh=\skip54
\f@nch@O@elf=\skip55
\f@nch@O@erf=\skip56
\f@nch@O@olf=\skip57
\f@nch@O@orf=\skip58
) (/usr/share/texmf-dist/tex/latex/caption/caption.sty
Package: caption 2023/03/12 v3.6j Customizing captions (AR)
 (/usr/share/texmf-dist/tex/latex/caption/caption3.sty
Package: caption3 2023/03/12 v2.4 caption3 kernel (AR)
\caption@tempdima=\dimen143
\captionmargin=\dimen144
\caption@leftmargin=\dimen145
\caption@rightmargin=\dimen146
\caption@width=\dimen147
\caption@indent=\dimen148
\caption@parindent=\dimen149
\caption@hangindent=\dimen150
Package caption Info: Standard document class detected.
)
\c@caption@flags=\count194
\c@continuedfloat=\count195
) (/usr/share/texmf-dist/tex/latex/amsmath/amsmath.sty
Package: amsmath 2022/04/08 v2.17n AMS math features
\@mathmargin=\skip59

For additional information on amsmath, use the `?' option.
(/usr/share/texmf-dist/tex/latex/amsmath/amstext.sty
Package: amstext 2021/08/26 v2.01 AMS text
 (/usr/share/texmf-dist/tex/latex/amsmath/amsgen.sty
File: amsgen.sty 1999/11/30 v2.0 generic functions
\@emptytoks=\toks17
\ex@=\dimen151
)) (/usr/share/texmf-dist/tex/latex/amsmath/amsbsy.sty
Package: amsbsy 1999/11/29 v1.2d Bold Symbols
\pmbraise@=\dimen152
) (/usr/share/texmf-dist/tex/latex/amsmath/amsopn.sty
Package: amsopn 2022/04/08 v2.04 operator names
)
\inf@bad=\count196
LaTeX Info: Redefining \frac on input line 234.
\uproot@=\count197
\leftroot@=\count198
LaTeX Info: Redefining \overline on input line 399.
LaTeX Info: Redefining \colon on input line 410.
\classnum@=\count199
\DOTSCASE@=\count266
LaTeX Info: Redefining \ldots on input line 496.
LaTeX Info: Redefining \dots on input line 499.
LaTeX Info: Redefining \cdots on input line 620.
\Mathstrutbox@=\box51
\strutbox@=\box52
LaTeX Info: Redefining \big on input line 722.
LaTeX Info: Redefining \Big on input line 723.
LaTeX Info: Redefining \bigg on input line 724.
LaTeX Info: Redefining \Bigg on input line 725.
\big@size=\dimen153
LaTeX Font Info:    Redeclaring font encoding OML on input line 743.
LaTeX Font Info:    Redeclaring font encoding OMS on input line 744.
\macc@depth=\count267
LaTeX Info: Redefining \bmod on input line 905.
LaTeX Info: Redefining \pmod on input line 910.
LaTeX Info: Redefining \smash on input line 940.
LaTeX Info: Redefining \relbar on input line 970.
LaTeX Info: Redefining \Relbar on input line 971.
\c@MaxMatrixCols=\count268
\dotsspace@=\muskip16
\c@parentequation=\count269
\dspbrk@lvl=\count270
\tag@help=\toks18
\row@=\count271
\column@=\count272
\maxfields@=\count273
\andhelp@=\toks19
\eqnshift@=\dimen154
\alignsep@=\dimen155
\tagshift@=\dimen156
\tagwidth@=\dimen157
\totwidth@=\dimen158
\lineht@=\dimen159
\@envbody=\toks20
\multlinegap=\skip60
\multlinetaggap=\skip61
\mathdisplay@stack=\toks21
LaTeX Info: Redefining \[ on input line 2953.
LaTeX Info: Redefining \] on input line 2954.
) (/usr/share/texmf-dist/tex/latex/amsfonts/amsfonts.sty
Package: amsfonts 2013/01/14 v3.01 Basic AMSFonts support
\symAMSa=\mathgroup6
\symAMSb=\mathgroup7
LaTeX Font Info:    Overwriting math alphabet `\mathfrak' in version `bold'
(Font)                  U/euf/m/n --> U/euf/b/n on input line 106.
) (/usr/share/texmf-dist/tex/latex/amsfonts/amssymb.sty
Package: amssymb 2013/01/14 v3.01 AMS font symbols
)) (/usr/share/texmf-dist/tex/latex/base/fontenc.sty
Package: fontenc 2021/04/29 v2.0v Standard LaTeX package
LaTeX Font Info:    Trying to load font information for T1+ptm on input line 112.
 (/usr/share/texmf-dist/tex/latex/psnfss/t1ptm.fd
File: t1ptm.fd 2001/06/04 font definitions for T1/ptm.
)) (/usr/share/texmf-dist/tex/latex/base/inputenc.sty
Package: inputenc 2021/02/14 v1.3d Input encoding file
\inpenc@prehook=\toks22
\inpenc@posthook=\toks23
) (/usr/share/texmf-dist/tex/latex/booktabs/booktabs.sty
Package: booktabs 2020/01/12 v1.61803398 Publication quality tables
\heavyrulewidth=\dimen160
\lightrulewidth=\dimen161
\cmidrulewidth=\dimen162
\belowrulesep=\dimen163
\belowbottomsep=\dimen164
\aboverulesep=\dimen165
\abovetopsep=\dimen166
\cmidrulesep=\dimen167
\cmidrulekern=\dimen168
\defaultaddspace=\dimen169
\@cmidla=\count274
\@cmidlb=\count275
\@aboverulesep=\dimen170
\@belowrulesep=\dimen171
\@thisruleclass=\count276
\@lastruleclass=\count277
\@thisrulewidth=\dimen172
) (/usr/share/texmf-dist/tex/latex/tools/longtable.sty
Package: longtable 2021-09-01 v4.17 Multi-page Table package (DPC)
\LTleft=\skip62
\LTright=\skip63
\LTpre=\skip64
\LTpost=\skip65
\LTchunksize=\count278
\LTcapwidth=\dimen173
\LT@head=\box53
\LT@firsthead=\box54
\LT@foot=\box55
\LT@lastfoot=\box56
\LT@gbox=\box57
\LT@cols=\count279
\LT@rows=\count280
\c@LT@tables=\count281
\c@LT@chunks=\count282
\LT@p@ftn=\toks24
) (/usr/share/texmf-dist/tex/latex/csquotes/csquotes.sty
Package: csquotes 2022-09-14 v5.2n context-sensitive quotations (JAW)
 (/usr/share/texmf-dist/tex/latex/etoolbox/etoolbox.sty
Package: etoolbox 2020/10/05 v2.5k e-TeX tools for LaTeX (JAW)
\etb@tempcnta=\count283
)
\csq@reset=\count284
\csq@gtype=\count285
\csq@glevel=\count286
\csq@qlevel=\count287
\csq@maxlvl=\count288
\csq@tshold=\count289
\csq@ltx@everypar=\toks25
 (/usr/share/texmf-dist/tex/latex/csquotes/csquotes.def
File: csquotes.def 2022-09-14 v5.2n csquotes generic definitions (JAW)
)
Package csquotes Info: Trying to load configuration file 'csquotes.cfg'...
Package csquotes Info: ... configuration file loaded successfully.
 (/usr/share/texmf-dist/tex/latex/csquotes/csquotes.cfg
File: csquotes.cfg 
)) (/usr/share/texmf-dist/tex/latex/svg/svg.sty
Package: svg 2020/11/26 v2.02k (include SVG pictures)
 (/usr/share/texmf-dist/tex/latex/koma-script/scrbase.sty
Package: scrbase 2022/10/12 v3.38 KOMA-Script package (KOMA-Script-independent basics and keyval usage)
 (/usr/share/texmf-dist/tex/latex/koma-script/scrlfile.sty
Package: scrlfile 2022/10/12 v3.38 KOMA-Script package (file load hooks)
 (/usr/share/texmf-dist/tex/latex/koma-script/scrlfile-hook.sty
Package: scrlfile-hook 2022/10/12 v3.38 KOMA-Script package (using LaTeX hooks)
 (/usr/share/texmf-dist/tex/latex/koma-script/scrlogo.sty
Package: scrlogo 2022/10/12 v3.38 KOMA-Script package (logo)
)))
Applying: [2021/05/01] Usage of raw or classic option list on input line 252.
Already applied: [0000/00/00] Usage of raw or classic option list on input line 368.
) (/usr/share/texmf-dist/tex/generic/pdftexcmds/pdftexcmds.sty
Package: pdftexcmds 2020-06-27 v0.33 Utility functions of pdfTeX for LuaTeX (HO)
 (/usr/share/texmf-dist/tex/generic/infwarerr/infwarerr.sty
Package: infwarerr 2019/12/03 v1.5 Providing info/warning/error messages (HO)
) (/usr/share/texmf-dist/tex/generic/ltxcmds/ltxcmds.sty
Package: ltxcmds 2020-05-10 v1.25 LaTeX kernel commands for general use (HO)
)
Package pdftexcmds Info: \pdf@primitive is available.
Package pdftexcmds Info: \pdf@ifprimitive is available.
Package pdftexcmds Info: \pdfdraftmode found.
) (/usr/share/texmf-dist/tex/latex/trimspaces/trimspaces.sty
Package: trimspaces 2009/09/17 v1.1 Trim spaces around a token list
) (/usr/share/texmf-dist/tex/latex/tools/shellesc.sty
Package: shellesc 2019/11/08 v1.0c unified shell escape interface for LaTeX
Package shellesc Info: Restricted shell escape enabled on input line 77.
)
\c@svg@param@lastpage=\count290
\svg@box=\box58
\c@svg@param@currpage=\count291
) (/usr/share/texmf-dist/tex/latex/xcolor/xcolor.sty
Package: xcolor 2022/06/12 v2.14 LaTeX color extensions (UK)
 (/usr/share/texmf-dist/tex/latex/graphics-cfg/color.cfg
File: color.cfg 2016/01/02 v1.6 sample color configuration
)
Package xcolor Info: Driver file: pdftex.def on input line 227.
 (/usr/share/texmf-dist/tex/latex/graphics/mathcolor.ltx)
Package xcolor Info: Model `cmy' substituted by `cmy0' on input line 1353.
Package xcolor Info: Model `hsb' substituted by `rgb' on input line 1357.
Package xcolor Info: Model `RGB' extended on input line 1369.
Package xcolor Info: Model `HTML' substituted by `rgb' on input line 1371.
Package xcolor Info: Model `Hsb' substituted by `hsb' on input line 1372.
Package xcolor Info: Model `tHsb' substituted by `hsb' on input line 1373.
Package xcolor Info: Model `HSB' substituted by `hsb' on input line 1374.
Package xcolor Info: Model `Gray' substituted by `gray' on input line 1375.
Package xcolor Info: Model `wave' substituted by `hsb' on input line 1376.
) (/usr/share/texmf-dist/tex/latex/transparent/transparent.sty
Package: transparent 2022-10-27 v1.5 Transparency with color stacks
 (/usr/share/texmf-dist/tex/latex/transparent/transparent-nometadata.sty
Package: transparent-nometadata 2022-10-27 v1.5 Transparency via pdfTeX's color stack (HO)
 (/usr/share/texmf-dist/tex/latex/auxhook/auxhook.sty
Package: auxhook 2019-12-17 v1.6 Hooks for auxiliary files (HO)
))) (/usr/share/texmf-dist/tex/latex/pgf/systemlayer/pgfsys.sty (/usr/share/texmf-dist/tex/latex/pgf/utilities/pgfrcs.sty (/usr/share/texmf-dist/tex/generic/pgf/utilities/pgfutil-common.tex
\pgfutil@everybye=\toks26
\pgfutil@tempdima=\dimen174
\pgfutil@tempdimb=\dimen175
) (/usr/share/texmf-dist/tex/generic/pgf/utilities/pgfutil-latex.def
\pgfutil@abb=\box59
) (/usr/share/texmf-dist/tex/generic/pgf/utilities/pgfrcs.code.tex (/usr/share/texmf-dist/tex/generic/pgf/pgf.revision.tex)
Package: pgfrcs 2023-01-15 v3.1.10 (3.1.10)
)) (/usr/share/texmf-dist/tex/generic/pgf/systemlayer/pgfsys.code.tex
Package: pgfsys 2023-01-15 v3.1.10 (3.1.10)
 (/usr/share/texmf-dist/tex/generic/pgf/utilities/pgfkeys.code.tex
\pgfkeys@pathtoks=\toks27
\pgfkeys@temptoks=\toks28
 (/usr/share/texmf-dist/tex/generic/pgf/utilities/pgfkeyslibraryfiltered.code.tex
\pgfkeys@tmptoks=\toks29
))
\pgf@x=\dimen176
\pgf@y=\dimen177
\pgf@xa=\dimen178
\pgf@ya=\dimen179
\pgf@xb=\dimen180
\pgf@yb=\dimen181
\pgf@xc=\dimen182
\pgf@yc=\dimen183
\pgf@xd=\dimen184
\pgf@yd=\dimen185
\w@pgf@writea=\write3
\r@pgf@reada=\read2
\c@pgf@counta=\count292
\c@pgf@countb=\count293
\c@pgf@countc=\count294
\c@pgf@countd=\count295
\t@pgf@toka=\toks30
\t@pgf@tokb=\toks31
\t@pgf@tokc=\toks32
\pgf@sys@id@count=\count296
 (/usr/share/texmf-dist/tex/generic/pgf/systemlayer/pgf.cfg
File: pgf.cfg 2023-01-15 v3.1.10 (3.1.10)
)
Driver file for pgf: pgfsys-pdftex.def
 (/usr/share/texmf-dist/tex/generic/pgf/systemlayer/pgfsys-pdftex.def
File: pgfsys-pdftex.def 2023-01-15 v3.1.10 (3.1.10)
 (/usr/share/texmf-dist/tex/generic/pgf/systemlayer/pgfsys-common-pdf.def
File: pgfsys-common-pdf.def 2023-01-15 v3.1.10 (3.1.10)
))) (/usr/share/texmf-dist/tex/generic/pgf/systemlayer/pgfsyssoftpath.code.tex
File: pgfsyssoftpath.code.tex 2023-01-15 v3.1.10 (3.1.10)
\pgfsyssoftpath@smallbuffer@items=\count297
\pgfsyssoftpath@bigbuffer@items=\count298
) (/usr/share/texmf-dist/tex/generic/pgf/systemlayer/pgfsysprotocol.code.tex
File: pgfsysprotocol.code.tex 2023-01-15 v3.1.10 (3.1.10)
)) (/usr/share/texmf-dist/tex/latex/pdfpages/pdfpages.sty
Package: pdfpages 2022/12/19 v0.5x Insert pages of external PDF documents (AM)
 (/usr/share/texmf-dist/tex/latex/base/ifthen.sty
Package: ifthen 2022/04/13 v1.1d Standard LaTeX ifthen package (DPC)
) (/usr/share/texmf-dist/tex/latex/tools/calc.sty
Package: calc 2017/05/25 v4.3 Infix arithmetic (KKT,FJ)
\calc@Acount=\count299
\calc@Bcount=\count300
\calc@Adimen=\dimen186
\calc@Bdimen=\dimen187
\calc@Askip=\skip66
\calc@Bskip=\skip67
LaTeX Info: Redefining \setlength on input line 80.
LaTeX Info: Redefining \addtolength on input line 81.
\calc@Ccount=\count301
\calc@Cskip=\skip68
) (/usr/share/texmf-dist/tex/latex/eso-pic/eso-pic.sty
Package: eso-pic 2020/10/14 v3.0a eso-pic (RN)
\ESO@tempdima=\dimen188
\ESO@tempdimb=\dimen189
)
\AM@pagewidth=\dimen190
\AM@pageheight=\dimen191
\AM@fboxrule=\dimen192
 (/usr/share/texmf-dist/tex/latex/pdfpages/pppdftex.def
File: pppdftex.def 2022/12/19 v0.5x Pdfpages driver for pdfTeX (AM)
)
\pdfpages@includegraphics@status=\count302
\AM@pagebox=\box60
\AM@global@opts=\toks33
\AM@pagecnt=\count303
\AM@toc@title=\toks34
\AM@lof@heading=\toks35
\c@AM@survey=\count304
\AM@templatesizebox=\box61
) (/usr/share/texmf-dist/tex/latex/tools/array.sty
Package: array 2022/09/04 v2.5g Tabular extension package (FMi)
\col@sep=\dimen193
\ar@mcellbox=\box62
\extrarowheight=\dimen194
\NC@list=\toks36
\extratabsurround=\skip69
\backup@length=\skip70
\ar@cellbox=\box63
) (/usr/share/texmf-dist/tex/latex/biblatex/biblatex.sty
Package: biblatex 2023/03/05 v3.19 programmable bibliographies (PK/MW)
 (/usr/share/texmf-dist/tex/latex/kvoptions/kvoptions.sty
Package: kvoptions 2022-06-15 v3.15 Key value format for package options (HO)
 (/usr/share/texmf-dist/tex/latex/kvsetkeys/kvsetkeys.sty
Package: kvsetkeys 2022-10-05 v1.19 Key value parser (HO)
)) (/usr/share/texmf-dist/tex/latex/logreq/logreq.sty
Package: logreq 2010/08/04 v1.0 xml request logger
\lrq@indent=\count305
 (/usr/share/texmf-dist/tex/latex/logreq/logreq.def
File: logreq.def 2010/08/04 v1.0 logreq spec v1.0
)) (/usr/share/texmf-dist/tex/latex/url/url.sty
\Urlmuskip=\muskip17
Package: url 2013/09/16  ver 3.4  Verb mode for urls, etc.
)
\c@tabx@nest=\count306
\c@listtotal=\count307
\c@listcount=\count308
\c@liststart=\count309
\c@liststop=\count310
\c@citecount=\count311
\c@citetotal=\count312
\c@multicitecount=\count313
\c@multicitetotal=\count314
\c@instcount=\count315
\c@maxnames=\count316
\c@minnames=\count317
\c@maxitems=\count318
\c@minitems=\count319
\c@citecounter=\count320
\c@maxcitecounter=\count321
\c@savedcitecounter=\count322
\c@uniquelist=\count323
\c@uniquename=\count324
\c@refsection=\count325
\c@refsegment=\count326
\c@maxextratitle=\count327
\c@maxextratitleyear=\count328
\c@maxextraname=\count329
\c@maxextradate=\count330
\c@maxextraalpha=\count331
\c@abbrvpenalty=\count332
\c@highnamepenalty=\count333
\c@lownamepenalty=\count334
\c@maxparens=\count335
\c@parenlevel=\count336
\blx@tempcnta=\count337
\blx@tempcntb=\count338
\blx@tempcntc=\count339
\c@blx@maxsection=\count340
\blx@maxsegment@0=\count341
\blx@notetype=\count342
\blx@parenlevel@text=\count343
\blx@parenlevel@foot=\count344
\blx@sectionciteorder@0=\count345
\blx@sectionciteorderinternal@0=\count346
\blx@entrysetcounter=\count347
\blx@biblioinstance=\count348
\labelnumberwidth=\skip71
\labelalphawidth=\skip72
\biblabelsep=\skip73
\bibitemsep=\skip74
\bibnamesep=\skip75
\bibinitsep=\skip76
\bibparsep=\skip77
\bibhang=\skip78
\blx@bcfin=\read3
\blx@bcfout=\write4
\blx@langwohyphens=\language3
\c@mincomprange=\count349
\c@maxcomprange=\count350
\c@mincompwidth=\count351
Package biblatex Info: Trying to load biblatex default data model...
Package biblatex Info: ... file 'blx-dm.def' found.
 (/usr/share/texmf-dist/tex/latex/biblatex/blx-dm.def
File: blx-dm.def 2023/03/05 v3.19 biblatex localization (PK/MW)
)
Package biblatex Info: Trying to load biblatex style data model...
Package biblatex Info: ... file 'apa.dbx' found.
 (/usr/share/texmf-dist/tex/latex/biblatex-apa/apa.dbx
File: apa.dbx 2022/06/22 v9.16 APA biblatex style data model
)
Package biblatex Info: Trying to load biblatex custom data model...
Package biblatex Info: ... file 'biblatex-dm.cfg' not found.
\c@afterword=\count352
\c@savedafterword=\count353
\c@annotator=\count354
\c@savedannotator=\count355
\c@author=\count356
\c@savedauthor=\count357
\c@bookauthor=\count358
\c@savedbookauthor=\count359
\c@commentator=\count360
\c@savedcommentator=\count361
\c@editor=\count362
\c@savededitor=\count363
\c@editora=\count364
\c@savededitora=\count365
\c@editorb=\count366
\c@savededitorb=\count367
\c@editorc=\count368
\c@savededitorc=\count369
\c@foreword=\count370
\c@savedforeword=\count371
\c@holder=\count372
\c@savedholder=\count373
\c@introduction=\count374
\c@savedintroduction=\count375
\c@namea=\count376
\c@savednamea=\count377
\c@nameb=\count378
\c@savednameb=\count379
\c@namec=\count380
\c@savednamec=\count381
\c@translator=\count382
\c@savedtranslator=\count383
\c@shortauthor=\count384
\c@savedshortauthor=\count385
\c@shorteditor=\count386
\c@savedshorteditor=\count387
\c@narrator=\count388
\c@savednarrator=\count389
\c@execproducer=\count390
\c@savedexecproducer=\count391
\c@execdirector=\count392
\c@savedexecdirector=\count393
\c@with=\count394
\c@savedwith=\count395
\c@labelname=\count396
\c@savedlabelname=\count397
\c@institution=\count398
\c@savedinstitution=\count399
\c@lista=\count400
\c@savedlista=\count401
\c@listb=\count402
\c@savedlistb=\count403
\c@listc=\count404
\c@savedlistc=\count405
\c@listd=\count406
\c@savedlistd=\count407
\c@liste=\count408
\c@savedliste=\count409
\c@listf=\count410
\c@savedlistf=\count411
\c@location=\count412
\c@savedlocation=\count413
\c@organization=\count414
\c@savedorganization=\count415
\c@origlocation=\count416
\c@savedoriglocation=\count417
\c@origpublisher=\count418
\c@savedorigpublisher=\count419
\c@publisher=\count420
\c@savedpublisher=\count421
\c@language=\count422
\c@savedlanguage=\count423
\c@origlanguage=\count424
\c@savedoriglanguage=\count425
\c@citation=\count426
\c@savedcitation=\count427
\c@pageref=\count428
\c@savedpageref=\count429
\shorthandwidth=\skip79
\shortjournalwidth=\skip80
\shortserieswidth=\skip81
\shorttitlewidth=\skip82
\shortauthorwidth=\skip83
\shorteditorwidth=\skip84
\locallabelnumberwidth=\skip85
\locallabelalphawidth=\skip86
\localshorthandwidth=\skip87
\localshortjournalwidth=\skip88
\localshortserieswidth=\skip89
\localshorttitlewidth=\skip90
\localshortauthorwidth=\skip91
\localshorteditorwidth=\skip92
Package biblatex Info: Trying to load compatibility code...
Package biblatex Info: ... file 'blx-compat.def' found.
 (/usr/share/texmf-dist/tex/latex/biblatex/blx-compat.def
File: blx-compat.def 2023/03/05 v3.19 biblatex compatibility (PK/MW)
)
Package biblatex Info: Trying to load generic definitions...
Package biblatex Info: ... file 'biblatex.def' found.
 (/usr/share/texmf-dist/tex/latex/biblatex/biblatex.def
File: biblatex.def 2023/03/05 v3.19 biblatex compatibility (PK/MW)
\c@textcitecount=\count430
\c@textcitetotal=\count431
\c@textcitemaxnames=\count432
\c@biburlbigbreakpenalty=\count433
\c@biburlbreakpenalty=\count434
\c@biburlnumpenalty=\count435
\c@biburlucpenalty=\count436
\c@biburllcpenalty=\count437
\biburlbigskip=\muskip18
\biburlnumskip=\muskip19
\biburlucskip=\muskip20
\biburllcskip=\muskip21
\c@smartand=\count438
)
Package biblatex Info: Trying to load bibliography style 'apa'...
Package biblatex Info: ... file 'apa.bbx' found.
 (/usr/share/texmf-dist/tex/latex/biblatex-apa/apa.bbx
File: apa.bbx 2022/06/22 v9.16 APA biblatex references style
Package biblatex Info: Trying to load bibliography style 'standard'...
Package biblatex Info: ... file 'standard.bbx' found.
 (/usr/share/texmf-dist/tex/latex/biblatex/bbx/standard.bbx
File: standard.bbx 2023/03/05 v3.19 biblatex bibliography style (PK/MW)
\c@bbx:relatedcount=\count439
\c@bbx:relatedtotal=\count440
)
Package biblatex Info: Delimiter 'nameyeardelim' in context 'bib' already defined, overwriting.
Package biblatex Info: Delimiter 'nameyeardelim' in context 'biblist' already defined, overwriting.
Package biblatex Info: Delimiter 'nonameyeardelim' in context 'bib' already defined, overwriting.
Package biblatex Info: Delimiter 'nonameyeardelim' in context 'biblist' already defined, overwriting.
)
Package biblatex Info: Trying to load citation style 'apa'...
Package biblatex Info: ... file 'apa.cbx' found.
 (/usr/share/texmf-dist/tex/latex/biblatex-apa/apa.cbx
File: apa.cbx 2022/06/22 v9.16 APA biblatex citation style
Package biblatex Info: Delimiter 'nameyeardelim' in context '' already defined, overwriting.
Package biblatex Info: Delimiter 'andothersdelim' in context '' already defined, overwriting.
Package biblatex Info: Redefining '\fullcite'.
Package biblatex Info: Redefining '\citeauthor'.
Package biblatex Info: Redefining '\citeyear'.
Package biblatex Info: Redefining '\cite'.
Package biblatex Info: Redefining '\cites'.
Package biblatex Info: Redefining '\parencite'.
Package biblatex Info: Redefining '\parencites'.
Package biblatex Info: Redefining '\footcite'.
Package biblatex Info: Redefining '\footcites'.
Package biblatex Info: Redefining '\footcitetext'.
Package biblatex Info: Redefining '\footcitetexts'.
Package biblatex Info: Redefining '\smartcite'.
Package biblatex Info: Redefining '\smartcites'.
Package biblatex Info: Redefining '\textcite'.
Package biblatex Info: Redefining '\textcites'.
)
Package biblatex Info: Trying to load configuration file...
Package biblatex Info: ... file 'biblatex.cfg' found.
 (/usr/share/texmf-dist/tex/latex/biblatex/biblatex.cfg
File: biblatex.cfg 
)
Package biblatex Info: Input encoding 'utf8' detected.
Package biblatex Info: Document encoding is UTF8 ....
 (/usr/share/texmf-dist/tex/latex/l3kernel/expl3.sty
Package: expl3 2023-02-22 L3 programming layer (loader) 
 (/usr/share/texmf-dist/tex/latex/l3backend/l3backend-pdftex.def
File: l3backend-pdftex.def 2023-01-16 L3 backend support: PDF output (pdfTeX)
\l__color_backend_stack_int=\count441
\l__pdf_internal_box=\box64
))
Package biblatex Info: ... and expl3
(biblatex)             2023-02-22 L3 programming layer (loader) 
(biblatex)             is new enough (at least 2020/04/06),
(biblatex)             setting 'casechanger=expl3'.
 (/usr/share/texmf-dist/tex/latex/biblatex/blx-case-expl3.sty (/usr/share/texmf-dist/tex/latex/l3packages/xparse/xparse.sty
Package: xparse 2023-02-02 L3 Experimental document command parser
)
Package: blx-case-expl3 2023/03/05 v3.19 expl3 case changing code for biblatex
)) (/usr/share/texmf-dist/tex/latex/hyperref/hyperref.sty
Package: hyperref 2023-02-07 v7.00v Hypertext links for LaTeX
 (/usr/share/texmf-dist/tex/generic/kvdefinekeys/kvdefinekeys.sty
Package: kvdefinekeys 2019-12-19 v1.6 Define keys (HO)
) (/usr/share/texmf-dist/tex/generic/pdfescape/pdfescape.sty
Package: pdfescape 2019/12/09 v1.15 Implements pdfTeX's escape features (HO)
) (/usr/share/texmf-dist/tex/latex/hycolor/hycolor.sty
Package: hycolor 2020-01-27 v1.10 Color options for hyperref/bookmark (HO)
) (/usr/share/texmf-dist/tex/latex/letltxmacro/letltxmacro.sty
Package: letltxmacro 2019/12/03 v1.6 Let assignment for LaTeX macros (HO)
) (/usr/share/texmf-dist/tex/latex/hyperref/nameref.sty
Package: nameref 2022-05-17 v2.50 Cross-referencing by name of section
 (/usr/share/texmf-dist/tex/latex/refcount/refcount.sty
Package: refcount 2019/12/15 v3.6 Data extraction from label references (HO)
) (/usr/share/texmf-dist/tex/generic/gettitlestring/gettitlestring.sty
Package: gettitlestring 2019/12/15 v1.6 Cleanup title references (HO)
)
\c@section@level=\count442
)
\@linkdim=\dimen195
\Hy@linkcounter=\count443
\Hy@pagecounter=\count444
 (/usr/share/texmf-dist/tex/latex/hyperref/pd1enc.def
File: pd1enc.def 2023-02-07 v7.00v Hyperref: PDFDocEncoding definition (HO)
Now handling font encoding PD1 ...
... no UTF-8 mapping file for font encoding PD1
) (/usr/share/texmf-dist/tex/generic/intcalc/intcalc.sty
Package: intcalc 2019/12/15 v1.3 Expandable calculations with integers (HO)
) (/usr/share/texmf-dist/tex/generic/etexcmds/etexcmds.sty
Package: etexcmds 2019/12/15 v1.7 Avoid name clashes with e-TeX commands (HO)
)
\Hy@SavedSpaceFactor=\count445
 (/usr/share/texmf-dist/tex/latex/hyperref/puenc.def
File: puenc.def 2023-02-07 v7.00v Hyperref: PDF Unicode definition (HO)
Now handling font encoding PU ...
... no UTF-8 mapping file for font encoding PU
)
Package hyperref Info: Option `linktocpage' set `true' on input line 4060.
Package hyperref Info: Hyper figures OFF on input line 4177.
Package hyperref Info: Link nesting OFF on input line 4182.
Package hyperref Info: Hyper index ON on input line 4185.
Package hyperref Info: Plain pages OFF on input line 4192.
Package hyperref Info: Backreferencing OFF on input line 4197.
Package hyperref Info: Implicit mode ON; LaTeX internals redefined.
Package hyperref Info: Bookmarks ON on input line 4425.
\c@Hy@tempcnt=\count446
LaTeX Info: Redefining \url on input line 4763.
\XeTeXLinkMargin=\dimen196
 (/usr/share/texmf-dist/tex/generic/bitset/bitset.sty
Package: bitset 2019/12/09 v1.3 Handle bit-vector datatype (HO)
 (/usr/share/texmf-dist/tex/generic/bigintcalc/bigintcalc.sty
Package: bigintcalc 2019/12/15 v1.5 Expandable calculations on big integers (HO)
))
\Fld@menulength=\count447
\Field@Width=\dimen197
\Fld@charsize=\dimen198
Package hyperref Info: Hyper figures OFF on input line 6042.
Package hyperref Info: Link nesting OFF on input line 6047.
Package hyperref Info: Hyper index ON on input line 6050.
Package hyperref Info: backreferencing OFF on input line 6057.
Package hyperref Info: Link coloring OFF on input line 6062.
Package hyperref Info: Link coloring with OCG OFF on input line 6067.
Package hyperref Info: PDF/A mode OFF on input line 6072.
 (/usr/share/texmf-dist/tex/latex/base/atbegshi-ltx.sty
Package: atbegshi-ltx 2021/01/10 v1.0c Emulation of the original atbegshi
package with kernel methods
)
\Hy@abspage=\count448
\c@Item=\count449
\c@Hfootnote=\count450
)
Package hyperref Info: Driver (autodetected): hpdftex.
 (/usr/share/texmf-dist/tex/latex/hyperref/hpdftex.def
File: hpdftex.def 2023-02-07 v7.00v Hyperref driver for pdfTeX
 (/usr/share/texmf-dist/tex/latex/base/atveryend-ltx.sty
Package: atveryend-ltx 2020/08/19 v1.0a Emulation of the original atveryend package
with kernel methods
)
\Fld@listcount=\count451
\c@bookmark@seq@number=\count452
 (/usr/share/texmf-dist/tex/latex/rerunfilecheck/rerunfilecheck.sty
Package: rerunfilecheck 2022-07-10 v1.10 Rerun checks for auxiliary files (HO)
 (/usr/share/texmf-dist/tex/generic/uniquecounter/uniquecounter.sty
Package: uniquecounter 2019/12/15 v1.4 Provide unlimited unique counter (HO)
)
Package uniquecounter Info: New unique counter `rerunfilecheck' on input line 285.
)
\Hy@SectionHShift=\skip93
) (/usr/share/texmf-dist/tex/latex/parskip/parskip.sty
Package: parskip 2021-03-14 v2.0h non-zero parskip adjustments
)
Package csquotes Info: Checking for multilingual support...
Package csquotes Info: ... none found.
 (./01-main.aux (./02-introduction.aux) (./03-litreview.aux) (./04-methodology.aux) (./05-project_management.aux) (./06-requirements.aux) (./07-design.aux) (./08-implementation.aux) (./09-testing.aux) (./10-evaluation.aux) (./11-reflection_and_conclusion.aux) (./12-appendix-a.aux) (./13-appendix-b.aux

LaTeX Warning: Label `tab:user-story-01' multiply defined.


LaTeX Warning: Label `tab:user-story-02' multiply defined.


LaTeX Warning: Label `tab:user-story-03' multiply defined.


LaTeX Warning: Label `tab:user-story-04' multiply defined.


LaTeX Warning: Label `tab:user-story-05' multiply defined.


LaTeX Warning: Label `tab:user-story-06' multiply defined.


LaTeX Warning: Label `tab:user-story-07' multiply defined.

) (./14-appendix-c.aux) (./15-appendix-d.aux) (./16-appendix-e.aux) (./17-appendix-f.aux) (./18-appendix-g.aux))
\openout1 = `01-main.aux'.

LaTeX Font Info:    Checking defaults for OML/cmm/m/it on input line 61.
LaTeX Font Info:    ... okay on input line 61.
LaTeX Font Info:    Checking defaults for OMS/cmsy/m/n on input line 61.
LaTeX Font Info:    ... okay on input line 61.
LaTeX Font Info:    Checking defaults for OT1/cmr/m/n on input line 61.
LaTeX Font Info:    ... okay on input line 61.
LaTeX Font Info:    Checking defaults for T1/cmr/m/n on input line 61.
LaTeX Font Info:    ... okay on input line 61.
LaTeX Font Info:    Checking defaults for TS1/cmr/m/n on input line 61.
LaTeX Font Info:    ... okay on input line 61.
LaTeX Font Info:    Checking defaults for OMX/cmex/m/n on input line 61.
LaTeX Font Info:    ... okay on input line 61.
LaTeX Font Info:    Checking defaults for U/cmr/m/n on input line 61.
LaTeX Font Info:    ... okay on input line 61.
LaTeX Font Info:    Checking defaults for PD1/pdf/m/n on input line 61.
LaTeX Font Info:    ... okay on input line 61.
LaTeX Font Info:    Checking defaults for PU/pdf/m/n on input line 61.
LaTeX Font Info:    ... okay on input line 61.
 (/usr/share/texmf-dist/tex/context/base/mkii/supp-pdf.mkii
[Loading MPS to PDF converter (version 2006.09.02).]
\scratchcounter=\count453
\scratchdimen=\dimen199
\scratchbox=\box65
\nofMPsegments=\count454
\nofMParguments=\count455
\everyMPshowfont=\toks37
\MPscratchCnt=\count456
\MPscratchDim=\dimen256
\MPnumerator=\count457
\makeMPintoPDFobject=\count458
\everyMPtoPDFconversion=\toks38
) (/usr/share/texmf-dist/tex/latex/epstopdf-pkg/epstopdf-base.sty
Package: epstopdf-base 2020-01-24 v2.11 Base part for package epstopdf
Package epstopdf-base Info: Redefining graphics rule for `.eps' on input line 485.
 (/usr/share/texmf-dist/tex/latex/latexconfig/epstopdf-sys.cfg
File: epstopdf-sys.cfg 2010/07/13 v1.3 Configuration of (r)epstopdf for TeX Live
))
Package caption Info: Begin \AtBeginDocument code.
Package caption Info: hyperref package is loaded.
Package caption Info: longtable package is loaded.
 (/usr/share/texmf-dist/tex/latex/caption/ltcaption.sty
Package: ltcaption 2021/01/08 v1.4c longtable captions (AR)
)
Package caption Info: End \AtBeginDocument code.
 (/usr/share/texmf-dist/tex/latex/pdflscape/pdflscape.sty
Package: pdflscape 2022-10-27 v0.13 Display of landscape pages in PDF
 (/usr/share/texmf-dist/tex/latex/pdflscape/pdflscape-nometadata.sty
Package: pdflscape-nometadata 2022-10-28 v0.13 Display of landscape pages in PDF (HO)
 (/usr/share/texmf-dist/tex/latex/graphics/lscape.sty
Package: lscape 2020/05/28 v3.02 Landscape Pages (DPC)
)
Package pdflscape Info: Auto-detected driver: pdftex on input line 81.
))
Package biblatex Info: Trying to load language 'english' -> 'english-apa'...
Package biblatex Info: ... file 'english-apa.lbx' found.
 (/usr/share/texmf-dist/tex/latex/biblatex-apa/english-apa.lbx
File: english-apa.lbx 2022/06/22 v9.16 APA biblatex localisation
Package biblatex Info: Trying to load language 'english'...
Package biblatex Info: ... file 'english.lbx' found.
 (/usr/share/texmf-dist/tex/latex/biblatex/lbx/english.lbx
File: english.lbx 2023/03/05 v3.19 biblatex localization (PK/MW)
)
Package biblatex Info: Trying to load language 'american' -> 'american-apa'...
Package biblatex Info: ... file 'american-apa.lbx' found.
 (/usr/share/texmf-dist/tex/latex/biblatex-apa/american-apa.lbx
File: american-apa.lbx 2022/06/22 v9.16 APA biblatex localisation
Package biblatex Info: Trying to load language 'american'...
Package biblatex Info: ... file 'american.lbx' found.
 (/usr/share/texmf-dist/tex/latex/biblatex/lbx/american.lbx
File: american.lbx 2023/03/05 v3.19 biblatex localization (PK/MW)
Package biblatex Info: Trying to load language 'english'...
Package biblatex Info: ... file 'english.lbx' found.
 (/usr/share/texmf-dist/tex/latex/biblatex/lbx/english.lbx
File: english.lbx 2023/03/05 v3.19 biblatex localization (PK/MW)
))))
Package biblatex Info: Input encoding 'utf8' detected.
Package biblatex Info: Automatic encoding selection.
(biblatex)             Assuming data encoding 'utf8'.
\openout4 = `01-main.bcf'.

Package biblatex Info: Trying to load bibliographic data...
Package biblatex Info: ... file '01-main.bbl' found.
 (./01-main.bbl)
Package biblatex Info: Reference section=0 on input line 61.
Package biblatex Info: Reference segment=0 on input line 61.
Package hyperref Info: Link coloring OFF on input line 61.
 (./01-main.out) (./01-main.out)
\@outlinefile=\write5
\openout5 = `01-main.out'.

Package epstopdf Info: Source file: <figures/UoP_Master_Logo_Linear_PMS.eps>
(epstopdf)                    date: 2024-01-09 10:06:48
(epstopdf)                    size: 672822 bytes
(epstopdf)             Output file: <figures/UoP_Master_Logo_Linear_PMS-eps-converted-to.pdf>
(epstopdf)                    date: 2024-02-16 16:32:25
(epstopdf)                    size: 15628 bytes
(epstopdf)             Command: <repstopdf --outfile=figures/UoP_Master_Logo_Linear_PMS-eps-converted-to.pdf figures/UoP_Master_Logo_Linear_PMS.eps>
(epstopdf)             \includegraphics on input line 66.
Package epstopdf Info: Output file is already uptodate.
<figures/UoP_Master_Logo_Linear_PMS-eps-converted-to.pdf, id=348, 421.575pt x 299.1175pt>
File: figures/UoP_Master_Logo_Linear_PMS-eps-converted-to.pdf Graphic file (type pdf)
<use figures/UoP_Master_Logo_Linear_PMS-eps-converted-to.pdf>
Package pdftex.def Info: figures/UoP_Master_Logo_Linear_PMS-eps-converted-to.pdf  used on input line 66.
(pdftex.def)             Requested size: 227.62204pt x 161.50734pt.
 [1

{/var/lib/texmf/fonts/map/pdftex/updmap/pdftex.map}{/usr/share/texmf-dist/fonts/enc/dvips/base/8r.enc} <./figures/UoP_Master_Logo_Linear_PMS-eps-converted-to.pdf>] [2

] [3

] [4

] (./01-main.toc
LaTeX Font Info:    Trying to load font information for OT1+ztmcm on input line 2.
 (/usr/share/texmf-dist/tex/latex/psnfss/ot1ztmcm.fd
File: ot1ztmcm.fd 2000/01/03 Fontinst v1.801 font definitions for OT1/ztmcm.
)
LaTeX Font Info:    Trying to load font information for OML+ztmcm on input line 2.
 (/usr/share/texmf-dist/tex/latex/psnfss/omlztmcm.fd
File: omlztmcm.fd 2000/01/03 Fontinst v1.801 font definitions for OML/ztmcm.
)
LaTeX Font Info:    Trying to load font information for OMS+ztmcm on input line 2.
 (/usr/share/texmf-dist/tex/latex/psnfss/omsztmcm.fd
File: omsztmcm.fd 2000/01/03 Fontinst v1.801 font definitions for OMS/ztmcm.
)
LaTeX Font Info:    Trying to load font information for OMX+ztmcm on input line 2.
 (/usr/share/texmf-dist/tex/latex/psnfss/omxztmcm.fd
File: omxztmcm.fd 2000/01/03 Fontinst v1.801 font definitions for OMX/ztmcm.
)
LaTeX Font Info:    Trying to load font information for OT1+ptm on input line 2.
 (/usr/share/texmf-dist/tex/latex/psnfss/ot1ptm.fd
File: ot1ptm.fd 2001/06/04 font definitions for OT1/ptm.
)
LaTeX Font Info:    Font shape `OT1/ptm/bx/n' in size <12> not available
(Font)              Font shape `OT1/ptm/b/n' tried instead on input line 2.
LaTeX Font Info:    Font shape `OT1/ptm/bx/n' in size <9> not available
(Font)              Font shape `OT1/ptm/b/n' tried instead on input line 2.
LaTeX Font Info:    Font shape `OT1/ptm/bx/n' in size <7> not available
(Font)              Font shape `OT1/ptm/b/n' tried instead on input line 2.
 [5

] [6])
\tf@toc=\write6
\openout6 = `01-main.toc'.

 [7] (./01-main.lot)
\tf@lot=\write7
\openout7 = `01-main.lot'.

 [8

] (./01-main.lof [9

] [10])
\tf@lof=\write8
\openout8 = `01-main.lof'.

 [11]
\openout2 = `02-introduction.aux'.

 (./02-introduction.tex
Chapter 1.

Underfull \vbox (badness 10000) has occurred while \output is active []

 [12


]
LaTeX Font Info:    Trying to load font information for TS1+ptm on input line 35.
 (/usr/share/texmf-dist/tex/latex/psnfss/ts1ptm.fd
File: ts1ptm.fd 2001/06/04 font definitions for TS1/ptm.
) [13] [14]
Underfull \hbox (badness 1163) in paragraph at lines 112--112
\T1/ptm/m/n/12 fall ill un-ex-pect-edly dur-ing
 []


Underfull \hbox (badness 10000) in paragraph at lines 113--113
[]|\T1/ptm/m/n/12 Supervisor
 []


Underfull \hbox (badness 1584) in paragraph at lines 113--114
\T1/ptm/m/n/12 due to the lack of tech-ni-
 []


Overfull \hbox (5.74583pt too wide) in paragraph at lines 115--115
[]|\T1/ptm/m/n/12 Management| 
 []


Underfull \hbox (badness 10000) in paragraph at lines 115--115
[]|\T1/ptm/m/n/12 During the project, the
 []


Underfull \hbox (badness 8132) in paragraph at lines 115--115
\T1/ptm/m/n/12 re-quire-ments ini-tially sug-
 []


Underfull \hbox (badness 4429) in paragraph at lines 115--115
\T1/ptm/m/n/12 gested may change. To
 []


Underfull \hbox (badness 2591) in paragraph at lines 115--115
\T1/ptm/m/n/12 mit-i-gate this, com-mu-ni-cate
 []


Underfull \hbox (badness 1275) in paragraph at lines 115--115
\T1/ptm/m/n/12 the cur-rent re-quire-ments to
 []


Underfull \hbox (badness 4995) in paragraph at lines 116--116
[]|\T1/ptm/m/n/12 Time Avail-
 []


Underfull \hbox (badness 3281) in paragraph at lines 116--117
\T1/ptm/m/n/12 project may be-come more
 []


Underfull \hbox (badness 6708) in paragraph at lines 116--117
\T1/ptm/m/n/12 sider po-ten-tial fu-ture set-
 []


Underfull \hbox (badness 10000) in paragraph at lines 118--118
[]|\T1/ptm/m/n/12 Data
 []


Overfull \hbox (7.98041pt too wide) in paragraph at lines 118--118
\T1/ptm/m/n/12 loss/corruption| 
 []


Underfull \hbox (badness 1668) in paragraph at lines 118--118
[]|\T1/ptm/m/n/12 Data loss would mean the
 []


Underfull \hbox (badness 10000) in paragraph at lines 119--119
[]|\T1/ptm/m/n/12 Hardware
 []


Underfull \hbox (badness 10000) in paragraph at lines 119--119
\T1/ptm/m/n/12 for de-vel-op-ment/hosting
 []


Underfull \hbox (badness 1609) in paragraph at lines 119--119
\T1/ptm/m/n/12 crashes/hardware gets dam-
 []


Underfull \hbox (badness 10000) in paragraph at lines 119--119
\T1/ptm/m/n/12 aged. En-sure mul-ti-ple
 []


Underfull \hbox (badness 2334) in paragraph at lines 119--119
\T1/ptm/m/n/12 de-vices are be-ing used so
 []


Underfull \hbox (badness 10000) in paragraph at lines 119--119
\T1/ptm/m/n/12 de-vel-op-ment can con-tinue
 []


Underfull \hbox (badness 3000) in paragraph at lines 119--119
\T1/ptm/m/n/12 even whilst one de-vice is
 []


Overfull \hbox (9.97255pt too wide) in paragraph at lines 120--120
[]|\T1/ptm/m/n/12 Documentation
 []


Underfull \hbox (badness 10000) in paragraph at lines 120--121
[]|\T1/ptm/m/n/12 Documentation for frame-
 []


Underfull \hbox (badness 5475) in paragraph at lines 120--121
\T1/ptm/m/n/12 range of read-ily avail-able
 []


Underfull \hbox (badness 2020) in paragraph at lines 120--121
\T1/ptm/m/n/12 on-line for all the re-quired
 []

[15] [16]) [17

]
\openout2 = `03-litreview.aux'.

 (./03-litreview.tex
Chapter 2.
[18




]
<figures/current_apps.pdf, id=733, 845.1575pt x 597.23125pt>
File: figures/current_apps.pdf Graphic file (type pdf)
<use figures/current_apps.pdf>
Package pdftex.def Info: figures/current_apps.pdf  used on input line 26.
(pdftex.def)             Requested size: 426.79134pt x 301.59483pt.
 [19 <./figures/current_apps.pdf>]
<figures/current_apps_post_research.pdf, id=771, 845.1575pt x 597.23125pt>
File: figures/current_apps_post_research.pdf Graphic file (type pdf)
<use figures/current_apps_post_research.pdf>
Package pdftex.def Info: figures/current_apps_post_research.pdf  used on input line 46.
(pdftex.def)             Requested size: 426.79134pt x 301.59483pt.


LaTeX Warning: `!h' float specifier changed to `!ht'.

[20] [21 <./figures/current_apps_post_research.pdf>]
<figures/bicycle_infrastructure_score_table.jpg, id=819, 926.71219pt x 229.60782pt>
File: figures/bicycle_infrastructure_score_table.jpg Graphic file (type jpg)
<use figures/bicycle_infrastructure_score_table.jpg>
Package pdftex.def Info: figures/bicycle_infrastructure_score_table.jpg  used on input line 66.
(pdftex.def)             Requested size: 401.50146pt x 99.47919pt.
<figures/bicycle_infrastructure_scores.jpg, id=822, 295.3434pt x 161.8848pt>
File: figures/bicycle_infrastructure_scores.jpg Graphic file (type jpg)
<use figures/bicycle_infrastructure_scores.jpg>
Package pdftex.def Info: figures/bicycle_infrastructure_scores.jpg  used on input line 73.
(pdftex.def)             Requested size: 295.34267pt x 161.8844pt.
 [22 <./figures/bicycle_infrastructure_score_table.jpg> <./figures/bicycle_infrastructure_scores.jpg>]) [23]
\openout2 = `04-methodology.aux'.

 (./04-methodology.tex
Chapter 3.

Overfull \hbox (20.75558pt too wide) in paragraph at lines 12--13
[]\T1/ptm/m/n/12 The In-cre-men-tal model breaks larger tasks into smaller, more achiev-able sub-tasks/increments.
 []

) [24




]
\openout2 = `05-project_management.aux'.

 (./05-project_management.tex
Chapter 4.

Underfull \vbox (badness 5189) has occurred while \output is active []

 [25




]) [26]
\openout2 = `06-requirements.aux'.

 (./06-requirements.tex
Chapter 5.

Underfull \vbox (badness 1472) has occurred while \output is active []

 [27




]
<figures/logarithmic-scoring.png, id=882, 1888.05376pt x 943.525pt>
File: figures/logarithmic-scoring.png Graphic file (type png)
<use figures/logarithmic-scoring.png>
Package pdftex.def Info: figures/logarithmic-scoring.png  used on input line 29.
(pdftex.def)             Requested size: 401.50146pt x 200.63678pt.
<figures/research-application.png, id=884, 1802.735pt x 1993.4475pt>
File: figures/research-application.png Graphic file (type png)
<use figures/research-application.png>
Package pdftex.def Info: figures/research-application.png  used on input line 36.
(pdftex.def)             Requested size: 401.50146pt x 443.97414pt.
 [28 <./figures/logarithmic-scoring.png>] [29 <./figures/research-application.png>]
Overfull \hbox (8.21872pt too wide) in paragraph at lines 54--55
[]|\T1/ptm/m/n/12 Priority| 
 []


Overfull \hbox (8.21872pt too wide) in paragraph at lines 72--73
[]|\T1/ptm/m/n/12 Priority| 
 []


Overfull \hbox (5.55505pt too wide) in paragraph at lines 76--77
[]|\T1/ptm/m/n/12 Should| 
 []


Overfull \hbox (5.55505pt too wide) in paragraph at lines 77--78
[]|\T1/ptm/m/n/12 Should| 
 []


Overfull \hbox (5.55505pt too wide) in paragraph at lines 78--79
[]|\T1/ptm/m/n/12 Should| 
 []


Overfull \hbox (0.88704pt too wide) in paragraph at lines 79--80
[]|\T1/ptm/m/n/12 Could| 
 []


Overfull \hbox (8.21872pt too wide) in paragraph at lines 91--92
[]|\T1/ptm/m/n/12 Priority| 
 []


Overfull \hbox (5.55505pt too wide) in paragraph at lines 95--96
[]|\T1/ptm/m/n/12 Should| 
 []


Overfull \hbox (8.21872pt too wide) in paragraph at lines 108--109
[]|\T1/ptm/m/n/12 Priority| 
 []


Overfull \hbox (5.55505pt too wide) in paragraph at lines 110--111
[]|\T1/ptm/m/n/12 Should| 
 []


Overfull \hbox (5.55505pt too wide) in paragraph at lines 111--112
[]|\T1/ptm/m/n/12 Should| 
 []


Overfull \hbox (0.88704pt too wide) in paragraph at lines 112--113
[]|\T1/ptm/m/n/12 Could| 
 []


Overfull \hbox (8.21872pt too wide) in paragraph at lines 124--125
[]|\T1/ptm/m/n/12 Priority| 
 []


Overfull \hbox (5.55505pt too wide) in paragraph at lines 128--129
[]|\T1/ptm/m/n/12 Should| 
 []


Overfull \hbox (0.88704pt too wide) in paragraph at lines 129--130
[]|\T1/ptm/m/n/12 Could| 
 []


Overfull \hbox (0.88704pt too wide) in paragraph at lines 130--131
[]|\T1/ptm/m/n/12 Could| 
 []


Overfull \hbox (0.88704pt too wide) in paragraph at lines 131--132
[]|\T1/ptm/m/n/12 Could| 
 []


Overfull \hbox (8.21872pt too wide) in paragraph at lines 143--144
[]|\T1/ptm/m/n/12 Priority| 
 []


Overfull \hbox (5.55505pt too wide) in paragraph at lines 147--148
[]|\T1/ptm/m/n/12 Should| 
 []


Overfull \hbox (5.55505pt too wide) in paragraph at lines 148--149
[]|\T1/ptm/m/n/12 Should| 
 []


Overfull \hbox (5.55505pt too wide) in paragraph at lines 149--150
[]|\T1/ptm/m/n/12 Should| 
 []


Overfull \hbox (8.21872pt too wide) in paragraph at lines 163--164
[]|\T1/ptm/m/n/12 Priority| 
 []


Overfull \hbox (5.55505pt too wide) in paragraph at lines 167--168
[]|\T1/ptm/m/n/12 Should| 
 []


Overfull \hbox (5.55505pt too wide) in paragraph at lines 171--172
[]|\T1/ptm/m/n/12 Should| 
 []


Overfull \hbox (5.55505pt too wide) in paragraph at lines 172--173
[]|\T1/ptm/m/n/12 Should| 
 []


Overfull \hbox (8.21872pt too wide) in paragraph at lines 184--185
[]|\T1/ptm/m/n/12 Priority| 
 []


Overfull \hbox (5.55505pt too wide) in paragraph at lines 188--189
[]|\T1/ptm/m/n/12 Should| 
 []


Overfull \hbox (5.55505pt too wide) in paragraph at lines 191--192
[]|\T1/ptm/m/n/12 Should| 
 []


Overfull \hbox (8.21872pt too wide) in paragraph at lines 203--204
[]|\T1/ptm/m/n/12 Priority| 
 []


Overfull \hbox (5.55505pt too wide) in paragraph at lines 206--207
[]|\T1/ptm/m/n/12 Should| 
 []


Overfull \hbox (8.21872pt too wide) in paragraph at lines 218--219
[]|\T1/ptm/m/n/12 Priority| 
 []


Overfull \hbox (5.55505pt too wide) in paragraph at lines 220--221
[]|\T1/ptm/m/n/12 Should| 
 []


Overfull \hbox (5.55505pt too wide) in paragraph at lines 221--222
[]|\T1/ptm/m/n/12 Should| 
 []


Overfull \hbox (8.21872pt too wide) in paragraph at lines 233--234
[]|\T1/ptm/m/n/12 Priority| 
 []


Overfull \hbox (5.55505pt too wide) in paragraph at lines 235--236
[]|\T1/ptm/m/n/12 Should| 
 []


Overfull \hbox (5.55505pt too wide) in paragraph at lines 236--237
[]|\T1/ptm/m/n/12 Should| 
 []

) [30

] [31] [32] [33]
\openout2 = `07-design.aux'.

 (./07-design.tex
Chapter 6.
[34




] [35]
<figures/lofi-1.png, id=940, 7042.31pt x 5119.125pt>
File: figures/lofi-1.png Graphic file (type png)
<use figures/lofi-1.png>
Package pdftex.def Info: figures/lofi-1.png  used on input line 41.
(pdftex.def)             Requested size: 351.31378pt x 255.34636pt.
<figures/lofi-2.png, id=941, 7042.31pt x 5119.125pt>
File: figures/lofi-2.png Graphic file (type png)
<use figures/lofi-2.png>
Package pdftex.def Info: figures/lofi-2.png  used on input line 48.
(pdftex.def)             Requested size: 351.31378pt x 255.34636pt.
<figures/hifi-1.png, id=942, 1462.71469pt x 813.0375pt>
File: figures/hifi-1.png Graphic file (type png)
<use figures/hifi-1.png>
Package pdftex.def Info: figures/hifi-1.png  used on input line 55.
(pdftex.def)             Requested size: 401.50146pt x 223.17041pt.
<figures/hifi-2.png, id=943, 1446.15282pt x 815.29594pt>
File: figures/hifi-2.png Graphic file (type png)
<use figures/hifi-2.png>
Package pdftex.def Info: figures/hifi-2.png  used on input line 62.
(pdftex.def)             Requested size: 401.50146pt x 226.35304pt.
 [36 <./figures/lofi-1.png (PNG copy)> <./figures/lofi-2.png (PNG copy)>] [37 <./figures/hifi-1.png (PNG copy)> <./figures/hifi-2.png (PNG copy)>]
<figures/use-case.png, id=956, 577.4373pt x 830.3823pt>
File: figures/use-case.png Graphic file (type png)
<use figures/use-case.png>
Package pdftex.def Info: figures/use-case.png  used on input line 78.
(pdftex.def)             Requested size: 401.50146pt x 577.39911pt.
 [38

] [39 <./figures/use-case.png>]
<figures/client-server.png, id=972, 2034.60126pt x 1398.22375pt>
File: figures/client-server.png Graphic file (type png)
<use figures/client-server.png>
Package pdftex.def Info: figures/client-server.png  used on input line 98.
(pdftex.def)             Requested size: 250.93842pt x 172.43066pt.
<figures/erd.png, id=976, 2269.47874pt x 1710.39pt>
File: figures/erd.png Graphic file (type png)
<use figures/erd.png>
Package pdftex.def Info: figures/erd.png  used on input line 110.
(pdftex.def)             Requested size: 351.31378pt x 264.74234pt.
 [40

 <./figures/client-server.png> <./figures/erd.png>]
<figures/components.png, id=986, 751.608pt x 643.203pt>
File: figures/components.png Graphic file (type png)
<use figures/components.png>
Package pdftex.def Info: figures/components.png  used on input line 123.
(pdftex.def)             Requested size: 401.50146pt x 343.59494pt.
 [41 <./figures/components.png>]) [42

]
\openout2 = `08-implementation.aux'.

 (./08-implementation.tex
Chapter 7.
[43




]
<figures/Progress Images/Iteration-1/SR25/Basic Route.png, id=1012, 1445.4pt x 700.86844pt>
File: figures/Progress Images/Iteration-1/SR25/Basic Route.png Graphic file (type png)
<use figures/Progress Images/Iteration-1/SR25/Basic Route.png>
Package pdftex.def Info: figures/Progress Images/Iteration-1/SR25/Basic Route.png  used on input line 21.
(pdftex.def)             Requested size: 426.5953pt x 206.85065pt.
<figures/Progress Images/Iteration-1/SR1/Basic Destination Overlay Set up.png, id=1017, 1444.64719pt x 703.87968pt>
File: figures/Progress Images/Iteration-1/SR1/Basic Destination Overlay Set up.png Graphic file (type png)
<use figures/Progress Images/Iteration-1/SR1/Basic Destination Overlay Set up.png>
Package pdftex.def Info: figures/Progress Images/Iteration-1/SR1/Basic Destination Overlay Set up.png  used on input line 31.
(pdftex.def)             Requested size: 426.5953pt x 207.84677pt.
 [44 <./figures/Progress Images/Iteration-1/SR25/Basic Route.png>]
<figures/Progress Images/Iteration-1/SR1/waypoint-arr.png, id=1030, 361.35pt x 506.89375pt>
File: figures/Progress Images/Iteration-1/SR1/waypoint-arr.png Graphic file (type png)
<use figures/Progress Images/Iteration-1/SR1/waypoint-arr.png>
Package pdftex.def Info: figures/Progress Images/Iteration-1/SR1/waypoint-arr.png  used on input line 42.
(pdftex.def)             Requested size: 200.75073pt x 281.6078pt.
<figures/Progress Images/Iteration-1/SR28/elevation-hover.png, id=1031, 1926.44719pt x 1027.58907pt>
File: figures/Progress Images/Iteration-1/SR28/elevation-hover.png Graphic file (type png)
<use figures/Progress Images/Iteration-1/SR28/elevation-hover.png>
Package pdftex.def Info: figures/Progress Images/Iteration-1/SR28/elevation-hover.png  used on input line 49.
(pdftex.def)             Requested size: 426.5953pt x 227.54419pt.

Underfull \vbox (badness 10000) has occurred while \output is active []

 [45 <./figures/Progress Images/Iteration-1/SR1/Basic Destination Overlay Set up.png (PNG copy)> <./figures/Progress Images/Iteration-1/SR1/waypoint-arr.png>]
<figures/Progress Images/Iteration-1/SR19&SR28 Combined/SR19&SR28 Merged.png, id=1039, 1443.14156pt x 705.38531pt>
File: figures/Progress Images/Iteration-1/SR19&SR28 Combined/SR19&SR28 Merged.png Graphic file (type png)
<use figures/Progress Images/Iteration-1/SR19&SR28 Combined/SR19&SR28 Merged.png>
Package pdftex.def Info: figures/Progress Images/Iteration-1/SR19&SR28 Combined/SR19&SR28 Merged.png  used on input line 60.
(pdftex.def)             Requested size: 301.1261pt x 147.17735pt.

Underfull \vbox (badness 10000) has occurred while \output is active []

 [46 <./figures/Progress Images/Iteration-1/SR28/elevation-hover.png (PNG copy)> <./figures/Progress Images/Iteration-1/SR19&SR28 Combined/SR19&SR28 Merged.png (PNG copy)>] [47]
<figures/Progress Images/Iteration-2/SR17/SR17png.png, id=1060, 1435.61343pt x 702.37407pt>
File: figures/Progress Images/Iteration-2/SR17/SR17png.png Graphic file (type png)
<use figures/Progress Images/Iteration-2/SR17/SR17png.png>
Package pdftex.def Info: figures/Progress Images/Iteration-2/SR17/SR17png.png  used on input line 89.
(pdftex.def)             Requested size: 426.5953pt x 208.7097pt.
<figures/Progress Images/Iteration-2/SR18/SR18 Upload Example 1.png, id=1061, 794.97pt x 642.14906pt>
File: figures/Progress Images/Iteration-2/SR18/SR18 Upload Example 1.png Graphic file (type png)
<use figures/Progress Images/Iteration-2/SR18/SR18 Upload Example 1.png>
Package pdftex.def Info: figures/Progress Images/Iteration-2/SR18/SR18 Upload Example 1.png  used on input line 96.
(pdftex.def)             Requested size: 426.5953pt x 344.59969pt.
<figures/Progress Images/Iteration-2/SR18/SR18 Strava Modal.png, id=1062, 1445.4pt x 730.22812pt>
File: figures/Progress Images/Iteration-2/SR18/SR18 Strava Modal.png Graphic file (type png)
<use figures/Progress Images/Iteration-2/SR18/SR18 Strava Modal.png>
Package pdftex.def Info: figures/Progress Images/Iteration-2/SR18/SR18 Strava Modal.png  used on input line 103.
(pdftex.def)             Requested size: 426.5953pt x 215.5157pt.
 [48 <./figures/Progress Images/Iteration-2/SR17/SR17png.png (PNG copy)>]
Underfull \vbox (badness 1460) has occurred while \output is active []

 [49 <./figures/Progress Images/Iteration-2/SR18/SR18 Upload Example 1.png (PNG copy)> <./figures/Progress Images/Iteration-2/SR18/SR18 Strava Modal.png (PNG copy)>]
<figures/Progress Images/Iteration-2/SR32-37/sr32-add-hazard-point.png, id=1083, 1927.2pt x 1026.08344pt>
File: figures/Progress Images/Iteration-2/SR32-37/sr32-add-hazard-point.png Graphic file (type png)
<use figures/Progress Images/Iteration-2/SR32-37/sr32-add-hazard-point.png>
Package pdftex.def Info: figures/Progress Images/Iteration-2/SR32-37/sr32-add-hazard-point.png  used on input line 122.
(pdftex.def)             Requested size: 426.5953pt x 227.11685pt.
<figures/Progress Images/Iteration-2/SR32-37/sr32-hazard-popup.png, id=1084, 682.80093pt x 579.66562pt>
File: figures/Progress Images/Iteration-2/SR32-37/sr32-hazard-popup.png Graphic file (type png)
<use figures/Progress Images/Iteration-2/SR32-37/sr32-hazard-popup.png>
Package pdftex.def Info: figures/Progress Images/Iteration-2/SR32-37/sr32-hazard-popup.png  used on input line 129.
(pdftex.def)             Requested size: 301.1261pt x 255.64627pt.
<figures/Progress Images/Iteration-2/SR32-37/SR32 - Basic API further developed.png, id=1085, 847.165pt x 847.165pt>
File: figures/Progress Images/Iteration-2/SR32-37/SR32 - Basic API further developed.png Graphic file (type png)
<use figures/Progress Images/Iteration-2/SR32-37/SR32 - Basic API further developed.png>
Package pdftex.def Info: figures/Progress Images/Iteration-2/SR32-37/SR32 - Basic API further developed.png  used on input line 136.
(pdftex.def)             Requested size: 426.5953pt x 426.59337pt.
 [50 <./figures/Progress Images/Iteration-2/SR32-37/sr32-add-hazard-point.png (PNG copy)>]
<figures/Progress Images/Iteration-2/SR40-45/SR40 - Attractions and Accommodation KeyPOI.png, id=1096, 1925.69438pt x 992.95969pt>
File: figures/Progress Images/Iteration-2/SR40-45/SR40 - Attractions and Accommodation KeyPOI.png Graphic file (type png)
<use figures/Progress Images/Iteration-2/SR40-45/SR40 - Attractions and Accommodation KeyPOI.png>
Package pdftex.def Info: figures/Progress Images/Iteration-2/SR40-45/SR40 - Attractions and Accommodation KeyPOI.png  used on input line 150.
(pdftex.def)             Requested size: 426.5953pt x 219.96693pt.
<figures/Progress Images/Iteration-2/SR40-45/SR45 - Route ToVia POI.png, id=1097, 1923.43594pt x 988.44281pt>
File: figures/Progress Images/Iteration-2/SR40-45/SR45 - Route ToVia POI.png Graphic file (type png)
<use figures/Progress Images/Iteration-2/SR40-45/SR45 - Route ToVia POI.png>
Package pdftex.def Info: figures/Progress Images/Iteration-2/SR40-45/SR45 - Route ToVia POI.png  used on input line 157.
(pdftex.def)             Requested size: 426.5953pt x 219.22273pt.
)
Underfull \vbox (badness 10000) has occurred while \output is active []

 [51 <./figures/Progress Images/Iteration-2/SR32-37/sr32-hazard-popup.png (PNG copy)>] [52 <./figures/Progress Images/Iteration-2/SR32-37/SR32 - Basic API further developed.png>] [53 <./figures/Progress Images/Iteration-2/SR40-45/SR40 - Attractions and Accommodation KeyPOI.png (PNG copy)> <./figures/Progress Images/Iteration-2/SR40-45/SR45 - Route ToVia POI.png (PNG copy)>]
\openout2 = `09-testing.aux'.

 (./09-testing.tex
Chapter 8.
) [54




]
\openout2 = `10-evaluation.aux'.

 (./10-evaluation.tex
Chapter 9.
) [55




]
\openout2 = `11-reflection_and_conclusion.aux'.

 (./11-reflection_and_conclusion.tex
Chapter 10.
) [56




] [57



]
Overfull \hbox (21.26544pt too wide) in paragraph at lines 150--150
\T1/ptm/m/n/12 cling? [Pub-lisher: Rout-ledge _eprint: https://doi.org/10.1080/21650020.2014.955210].
 []

[58] [59]
\openout2 = `12-appendix-a.aux'.

 (./12-appendix-a.tex
Appendix A.
<figures/plotarouteui.png, id=1197, 1289.56781pt x 717.43031pt>
File: figures/plotarouteui.png Graphic file (type png)
<use figures/plotarouteui.png>
Package pdftex.def Info: figures/plotarouteui.png  used on input line 4.
(pdftex.def)             Requested size: 426.79134pt x 237.43146pt.
<figures/komootui.png, id=1198, 1444.64719pt x 733.23938pt>
File: figures/komootui.png Graphic file (type png)
<use figures/komootui.png>
Package pdftex.def Info: figures/komootui.png  used on input line 11.
(pdftex.def)             Requested size: 426.79134pt x 216.61702pt.
<figures/gmapsui.png, id=1199, 1445.4pt x 730.98094pt>
File: figures/gmapsui.png Graphic file (type png)
<use figures/gmapsui.png>
Package pdftex.def Info: figures/gmapsui.png  used on input line 18.
(pdftex.def)             Requested size: 426.79134pt x 215.83827pt.
) [60


 <./figures/plotarouteui.png (PNG copy)>] [61 <./figures/komootui.png (PNG copy)> <./figures/gmapsui.png (PNG copy)>]
\openout2 = `13-appendix-b.aux'.

 (./13-appendix-b.tex
Appendix B.

Overfull \hbox (8.21872pt too wide) in paragraph at lines 11--11
[]|\T1/ptm/m/n/12 Priority| 
 []


Overfull \hbox (5.55505pt too wide) in paragraph at lines 16--16
[]|\T1/ptm/m/n/12 Should| 
 []


Overfull \hbox (8.21872pt too wide) in paragraph at lines 31--31
[]|\T1/ptm/m/n/12 Priority| 
 []


Overfull \hbox (5.55505pt too wide) in paragraph at lines 35--35
[]|\T1/ptm/m/n/12 Should| 
 []


Overfull \hbox (5.55505pt too wide) in paragraph at lines 36--36
[]|\T1/ptm/m/n/12 Should| 
 []


Overfull \hbox (5.55505pt too wide) in paragraph at lines 37--37
[]|\T1/ptm/m/n/12 Should| 
 []


Overfull \hbox (0.88704pt too wide) in paragraph at lines 38--38
[]|\T1/ptm/m/n/12 Could| 
 []


Overfull \hbox (8.21872pt too wide) in paragraph at lines 50--50
[]|\T1/ptm/m/n/12 Priority| 
 []


Overfull \hbox (5.55505pt too wide) in paragraph at lines 54--54
[]|\T1/ptm/m/n/12 Should| 
 []


Overfull \hbox (0.88704pt too wide) in paragraph at lines 55--55
[]|\T1/ptm/m/n/12 Could| 
 []


Overfull \hbox (8.21872pt too wide) in paragraph at lines 67--67
[]|\T1/ptm/m/n/12 Priority| 
 []


Overfull \hbox (5.55505pt too wide) in paragraph at lines 69--69
[]|\T1/ptm/m/n/12 Should| 
 []


Overfull \hbox (5.55505pt too wide) in paragraph at lines 70--70
[]|\T1/ptm/m/n/12 Should| 
 []


Overfull \hbox (0.88704pt too wide) in paragraph at lines 71--71
[]|\T1/ptm/m/n/12 Could| 
 []


Overfull \hbox (0.88704pt too wide) in paragraph at lines 72--72
[]|\T1/ptm/m/n/12 Could| 
 []


Overfull \hbox (0.88704pt too wide) in paragraph at lines 73--73
[]|\T1/ptm/m/n/12 Could| 
 []


Overfull \hbox (8.21872pt too wide) in paragraph at lines 85--85
[]|\T1/ptm/m/n/12 Priority| 
 []


Overfull \hbox (5.55505pt too wide) in paragraph at lines 89--89
[]|\T1/ptm/m/n/12 Should| 
 []


Overfull \hbox (0.88704pt too wide) in paragraph at lines 90--90
[]|\T1/ptm/m/n/12 Could| 
 []


Overfull \hbox (0.88704pt too wide) in paragraph at lines 91--91
[]|\T1/ptm/m/n/12 Could| 
 []


Overfull \hbox (8.21872pt too wide) in paragraph at lines 103--103
[]|\T1/ptm/m/n/12 Priority| 
 []


Overfull \hbox (5.55505pt too wide) in paragraph at lines 107--107
[]|\T1/ptm/m/n/12 Should| 
 []


Overfull \hbox (5.55505pt too wide) in paragraph at lines 108--108
[]|\T1/ptm/m/n/12 Should| 
 []


Overfull \hbox (5.55505pt too wide) in paragraph at lines 109--109
[]|\T1/ptm/m/n/12 Should| 
 []


Overfull \hbox (8.21872pt too wide) in paragraph at lines 121--121
[]|\T1/ptm/m/n/12 Priority| 
 []


Overfull \hbox (5.55505pt too wide) in paragraph at lines 125--125
[]|\T1/ptm/m/n/12 Should| 
 []

) [62




] [63] [64]
\openout2 = `14-appendix-c.aux'.

 (./14-appendix-c.tex
Appendix C.
<figures/Progress Images/Iteration-1/SR7/SR9 Top Panel added and Avoid functionality implemented Avoid Ferries Example.png, id=1221, 1442.38875pt x 707.64375pt>
File: figures/Progress Images/Iteration-1/SR7/SR9 Top Panel added and Avoid functionality implemented Avoid Ferries Example.png Graphic file (type png)
<use figures/Progress Images/Iteration-1/SR7/SR9 Top Panel added and Avoid functionality implemented Avoid Ferries Example.png>
Package pdftex.def Info: figures/Progress Images/Iteration-1/SR7/SR9 Top Panel added and Avoid functionality implemented Avoid Ferries Example.png  used on input line 5.
(pdftex.def)             Requested size: 426.5953pt x 209.28218pt.
<figures/Progress Images/Iteration-1/SR7/SR9 Top Panel added and Avoid functionality implemented.png, id=1222, 1441.63594pt x 709.14937pt>
File: figures/Progress Images/Iteration-1/SR7/SR9 Top Panel added and Avoid functionality implemented.png Graphic file (type png)
<use figures/Progress Images/Iteration-1/SR7/SR9 Top Panel added and Avoid functionality implemented.png>
Package pdftex.def Info: figures/Progress Images/Iteration-1/SR7/SR9 Top Panel added and Avoid functionality implemented.png  used on input line 12.
(pdftex.def)             Requested size: 426.5953pt x 209.83568pt.
<figures/Progress Images/Iteration-1/SR12/SR13 GPX Icon Added (bottom right).png, id=1223, 1441.63594pt x 703.12688pt>
File: figures/Progress Images/Iteration-1/SR12/SR13 GPX Icon Added (bottom right).png Graphic file (type png)
<use figures/Progress Images/Iteration-1/SR12/SR13 GPX Icon Added (bottom right).png>
Package pdftex.def Info: figures/Progress Images/Iteration-1/SR12/SR13 GPX Icon Added (bottom right).png  used on input line 19.
(pdftex.def)             Requested size: 426.5953pt x 208.05362pt.
<figures/Progress Images/Iteration-1/SR12/SR13 GPX Successful upload Strava (manual).png, id=1224, 1441.63594pt x 705.38531pt>
File: figures/Progress Images/Iteration-1/SR12/SR13 GPX Successful upload Strava (manual).png Graphic file (type png)
<use figures/Progress Images/Iteration-1/SR12/SR13 GPX Successful upload Strava (manual).png>
Package pdftex.def Info: figures/Progress Images/Iteration-1/SR12/SR13 GPX Successful upload Strava (manual).png  used on input line 26.
(pdftex.def)             Requested size: 426.5953pt x 208.7219pt.
<figures/Progress Images/Iteration-1/SR12/SR14 GeoJSON Export.png, id=1225, 1440.88312pt x 705.38531pt>
File: figures/Progress Images/Iteration-1/SR12/SR14 GeoJSON Export.png Graphic file (type png)
<use figures/Progress Images/Iteration-1/SR12/SR14 GeoJSON Export.png>
Package pdftex.def Info: figures/Progress Images/Iteration-1/SR12/SR14 GeoJSON Export.png  used on input line 33.
(pdftex.def)             Requested size: 426.5953pt x 208.84029pt.
<figures/Progress Images/Iteration-1/SR19/Basic Weather Panel.png, id=1226, 1032.10594pt x 554.82281pt>
File: figures/Progress Images/Iteration-1/SR19/Basic Weather Panel.png Graphic file (type png)
<use figures/Progress Images/Iteration-1/SR19/Basic Weather Panel.png>
Package pdftex.def Info: figures/Progress Images/Iteration-1/SR19/Basic Weather Panel.png  used on input line 40.
(pdftex.def)             Requested size: 426.5953pt x 229.31592pt.
<figures/Progress Images/Iteration-1/SR28/Basic Elevation Plot.png, id=1227, 1444.64719pt x 691.08188pt>
File: figures/Progress Images/Iteration-1/SR28/Basic Elevation Plot.png Graphic file (type png)
<use figures/Progress Images/Iteration-1/SR28/Basic Elevation Plot.png>
Package pdftex.def Info: figures/Progress Images/Iteration-1/SR28/Basic Elevation Plot.png  used on input line 47.
(pdftex.def)             Requested size: 426.5953pt x 204.06773pt.
<figures/Progress Images/Iteration-1/SR28/Basic Elevation Plot Show Functionality.png, id=1228, 1445.4pt x 686.565pt>
File: figures/Progress Images/Iteration-1/SR28/Basic Elevation Plot Show Functionality.png Graphic file (type png)
<use figures/Progress Images/Iteration-1/SR28/Basic Elevation Plot Show Functionality.png>
Package pdftex.def Info: figures/Progress Images/Iteration-1/SR28/Basic Elevation Plot Show Functionality.png  used on input line 54.
(pdftex.def)             Requested size: 426.5953pt x 202.6292pt.
<figures/Progress Images/Iteration-1/SR28/Basic Elevation Plot Hide Functionality.png, id=1229, 1445.4pt x 687.31781pt>
File: figures/Progress Images/Iteration-1/SR28/Basic Elevation Plot Hide Functionality.png Graphic file (type png)
<use figures/Progress Images/Iteration-1/SR28/Basic Elevation Plot Hide Functionality.png>
Package pdftex.def Info: figures/Progress Images/Iteration-1/SR28/Basic Elevation Plot Hide Functionality.png  used on input line 61.
(pdftex.def)             Requested size: 426.5953pt x 202.85138pt.
) [65




 <./figures/Progress Images/Iteration-1/SR7/SR9 Top Panel added and Avoid functionality implemented Avoid Ferries Example.png (PNG copy)> <./figures/Progress Images/Iteration-1/SR7/SR9 Top Panel added and Avoid functionality implemented.png (PNG copy)>] [66 <./figures/Progress Images/Iteration-1/SR12/SR13 GPX Icon Added (bottom right).png (PNG copy)> <./figures/Progress Images/Iteration-1/SR12/SR13 GPX Successful upload Strava (manual).png (PNG copy)>] [67 <./figures/Progress Images/Iteration-1/SR12/SR14 GeoJSON Export.png (PNG copy)> <./figures/Progress Images/Iteration-1/SR19/Basic Weather Panel.png (PNG copy)>] [68 <./figures/Progress Images/Iteration-1/SR28/Basic Elevation Plot.png (PNG copy)> <./figures/Progress Images/Iteration-1/SR28/Basic Elevation Plot Show Functionality.png (PNG copy)>] [69 <./figures/Progress Images/Iteration-1/SR28/Basic Elevation Plot Hide Functionality.png (PNG copy)>]
\openout2 = `15-appendix-d.aux'.

 (./15-appendix-d.tex
Appendix D.
<figures/Progress Images/Iteration-2/SR9-10/SR9 - Arrive Time.png, id=1251, 1925.69438pt x 989.94844pt>
File: figures/Progress Images/Iteration-2/SR9-10/SR9 - Arrive Time.png Graphic file (type png)
<use figures/Progress Images/Iteration-2/SR9-10/SR9 - Arrive Time.png>
Package pdftex.def Info: figures/Progress Images/Iteration-2/SR9-10/SR9 - Arrive Time.png  used on input line 5.
(pdftex.def)             Requested size: 426.5953pt x 219.29987pt.
<figures/Progress Images/Iteration-2/SR9-10/SR9 - Leave Time.png, id=1252, 1927.2pt x 990.70125pt>
File: figures/Progress Images/Iteration-2/SR9-10/SR9 - Leave Time.png Graphic file (type png)
<use figures/Progress Images/Iteration-2/SR9-10/SR9 - Leave Time.png>
Package pdftex.def Info: figures/Progress Images/Iteration-2/SR9-10/SR9 - Leave Time.png  used on input line 12.
(pdftex.def)             Requested size: 426.5953pt x 219.28523pt.
<figures/Progress Images/Iteration-2/SR9-10/SR9_10 - Leave_Arrival Time.png, id=1253, 1927.95282pt x 992.95969pt>
File: figures/Progress Images/Iteration-2/SR9-10/SR9_10 - Leave_Arrival Time.png Graphic file (type png)
<use figures/Progress Images/Iteration-2/SR9-10/SR9_10 - Leave_Arrival Time.png>
Package pdftex.def Info: figures/Progress Images/Iteration-2/SR9-10/SR9_10 - Leave_Arrival Time.png  used on input line 19.
(pdftex.def)             Requested size: 426.5953pt x 219.70937pt.
<figures/Progress Images/Iteration-2/SR15/SR15 - Save to GDrive Modal working.png, id=1254, 1924.94156pt x 995.21812pt>
File: figures/Progress Images/Iteration-2/SR15/SR15 - Save to GDrive Modal working.png Graphic file (type png)
<use figures/Progress Images/Iteration-2/SR15/SR15 - Save to GDrive Modal working.png>
Package pdftex.def Info: figures/Progress Images/Iteration-2/SR15/SR15 - Save to GDrive Modal working.png  used on input line 26.
(pdftex.def)             Requested size: 426.5953pt x 220.55835pt.
<figures/Progress Images/Iteration-2/SR15/SR15 - Success.png, id=1255, 1925.69438pt x 992.95969pt>
File: figures/Progress Images/Iteration-2/SR15/SR15 - Success.png Graphic file (type png)
<use figures/Progress Images/Iteration-2/SR15/SR15 - Success.png>
Package pdftex.def Info: figures/Progress Images/Iteration-2/SR15/SR15 - Success.png  used on input line 33.
(pdftex.def)             Requested size: 426.5953pt x 219.96693pt.
<figures/Progress Images/Iteration-2/SR17/SR17 Invalid Email.png, id=1256, 542.025pt x 389.455pt>
File: figures/Progress Images/Iteration-2/SR17/SR17 Invalid Email.png Graphic file (type png)
<use figures/Progress Images/Iteration-2/SR17/SR17 Invalid Email.png>
Package pdftex.def Info: figures/Progress Images/Iteration-2/SR17/SR17 Invalid Email.png  used on input line 40.
(pdftex.def)             Requested size: 426.5953pt x 306.52509pt.
<figures/Progress Images/Iteration-2/SR17/SR17 Invalid File type.png, id=1257, 498.86375pt x 371.3875pt>
File: figures/Progress Images/Iteration-2/SR17/SR17 Invalid File type.png Graphic file (type png)
<use figures/Progress Images/Iteration-2/SR17/SR17 Invalid File type.png>
Package pdftex.def Info: figures/Progress Images/Iteration-2/SR17/SR17 Invalid File type.png  used on input line 47.
(pdftex.def)             Requested size: 426.5953pt x 317.59627pt.
<figures/Progress Images/Iteration-2/SR17/SR17 Invalid Filename.png, id=1258, 521.95pt x 372.39125pt>
File: figures/Progress Images/Iteration-2/SR17/SR17 Invalid Filename.png Graphic file (type png)
<use figures/Progress Images/Iteration-2/SR17/SR17 Invalid Filename.png>
Package pdftex.def Info: figures/Progress Images/Iteration-2/SR17/SR17 Invalid Filename.png  used on input line 54.
(pdftex.def)             Requested size: 426.5953pt x 304.36272pt.
<figures/Progress Images/Iteration-2/SR17/SR17 Success.png, id=1259, 524.96124pt x 383.4325pt>
File: figures/Progress Images/Iteration-2/SR17/SR17 Success.png Graphic file (type png)
<use figures/Progress Images/Iteration-2/SR17/SR17 Success.png>
Package pdftex.def Info: figures/Progress Images/Iteration-2/SR17/SR17 Success.png  used on input line 61.
(pdftex.def)             Requested size: 426.5953pt x 311.59665pt.
<figures/Progress Images/Iteration-2/SR18/SR18 Create Activity Fail - Missing Activity Name.png, id=1260, 386.19281pt x 291.33844pt>
File: figures/Progress Images/Iteration-2/SR18/SR18 Create Activity Fail - Missing Activity Name.png Graphic file (type png)
<use figures/Progress Images/Iteration-2/SR18/SR18 Create Activity Fail - Missing Activity Name.png>
Package pdftex.def Info: figures/Progress Images/Iteration-2/SR18/SR18 Create Activity Fail - Missing Activity Name.png  used on input line 68.
(pdftex.def)             Requested size: 426.5953pt x 321.82024pt.
<figures/Progress Images/Iteration-2/SR18/SR18 Create Activity Fail - Missing Avg Speed.png, id=1261, 386.19281pt x 292.09125pt>
File: figures/Progress Images/Iteration-2/SR18/SR18 Create Activity Fail - Missing Avg Speed.png Graphic file (type png)
<use figures/Progress Images/Iteration-2/SR18/SR18 Create Activity Fail - Missing Avg Speed.png>
Package pdftex.def Info: figures/Progress Images/Iteration-2/SR18/SR18 Create Activity Fail - Missing Avg Speed.png  used on input line 75.
(pdftex.def)             Requested size: 426.5953pt x 322.6518pt.
<figures/Progress Images/Iteration-2/SR18/SR18 Create Activity Fail - Missing DateTime.png, id=1262, 378.66469pt x 282.30469pt>
File: figures/Progress Images/Iteration-2/SR18/SR18 Create Activity Fail - Missing DateTime.png Graphic file (type png)
<use figures/Progress Images/Iteration-2/SR18/SR18 Create Activity Fail - Missing DateTime.png>
Package pdftex.def Info: figures/Progress Images/Iteration-2/SR18/SR18 Create Activity Fail - Missing DateTime.png  used on input line 82.
(pdftex.def)             Requested size: 426.5953pt x 318.04428pt.
<figures/Progress Images/Iteration-2/SR18/SR18 Create Activity Success.png, id=1263, 381.67593pt x 286.06876pt>
File: figures/Progress Images/Iteration-2/SR18/SR18 Create Activity Success.png Graphic file (type png)
<use figures/Progress Images/Iteration-2/SR18/SR18 Create Activity Success.png>
Package pdftex.def Info: figures/Progress Images/Iteration-2/SR18/SR18 Create Activity Success.png  used on input line 89.
(pdftex.def)             Requested size: 426.5953pt x 319.7488pt.
<figures/Progress Images/Iteration-2/SR18/SR18 Share Panel.png, id=1264, 1436.36626pt x 730.22812pt>
File: figures/Progress Images/Iteration-2/SR18/SR18 Share Panel.png Graphic file (type png)
<use figures/Progress Images/Iteration-2/SR18/SR18 Share Panel.png>
Package pdftex.def Info: figures/Progress Images/Iteration-2/SR18/SR18 Share Panel.png  used on input line 96.
(pdftex.def)             Requested size: 426.5953pt x 216.87508pt.
<figures/Progress Images/Iteration-2/SR18/SR18 Strava Auth.png, id=1265, 1444.64719pt x 726.46407pt>
File: figures/Progress Images/Iteration-2/SR18/SR18 Strava Auth.png Graphic file (type png)
<use figures/Progress Images/Iteration-2/SR18/SR18 Strava Auth.png>
Package pdftex.def Info: figures/Progress Images/Iteration-2/SR18/SR18 Strava Auth.png  used on input line 103.
(pdftex.def)             Requested size: 426.5953pt x 214.51566pt.
<figures/Progress Images/Iteration-2/SR18/SR18 Strava Example 3.png, id=1266, 453.19313pt x 834.86906pt>
File: figures/Progress Images/Iteration-2/SR18/SR18 Strava Example 3.png Graphic file (type png)
<use figures/Progress Images/Iteration-2/SR18/SR18 Strava Example 3.png>
Package pdftex.def Info: figures/Progress Images/Iteration-2/SR18/SR18 Strava Example 3.png  used on input line 110.
(pdftex.def)             Requested size: 301.1261pt x 554.73509pt.
<figures/Progress Images/Iteration-2/SR30/SR30-Zoom Elevation Chart and Fly Map to same bounds.png, id=1267, 1923.43594pt x 992.95969pt>
File: figures/Progress Images/Iteration-2/SR30/SR30-Zoom Elevation Chart and Fly Map to same bounds.png Graphic file (type png)
<use figures/Progress Images/Iteration-2/SR30/SR30-Zoom Elevation Chart and Fly Map to same bounds.png>
Package pdftex.def Info: figures/Progress Images/Iteration-2/SR30/SR30-Zoom Elevation Chart and Fly Map to same bounds.png  used on input line 117.
(pdftex.def)             Requested size: 426.5953pt x 220.2245pt.
<figures/Progress Images/Iteration-2/SR31/SR31 Colours updated and new waypoints.png, id=1268, 1927.2pt x 989.94844pt>
File: figures/Progress Images/Iteration-2/SR31/SR31 Colours updated and new waypoints.png Graphic file (type png)
<use figures/Progress Images/Iteration-2/SR31/SR31 Colours updated and new waypoints.png>
Package pdftex.def Info: figures/Progress Images/Iteration-2/SR31/SR31 Colours updated and new waypoints.png  used on input line 124.
(pdftex.def)             Requested size: 426.5953pt x 219.1186pt.
<figures/Progress Images/Iteration-2/SR32-37/SR32 - Basic API for selecting hazards.png, id=1269, 604.50844pt x 941.01563pt>
File: figures/Progress Images/Iteration-2/SR32-37/SR32 - Basic API for selecting hazards.png Graphic file (type png)
<use figures/Progress Images/Iteration-2/SR32-37/SR32 - Basic API for selecting hazards.png>
Package pdftex.def Info: figures/Progress Images/Iteration-2/SR32-37/SR32 - Basic API for selecting hazards.png  used on input line 131.
(pdftex.def)             Requested size: 426.5953pt x 664.06226pt.
<figures/Progress Images/Iteration-2/SR32-37/SR32 - Basic Polygon from API.png, id=1270, 921.4425pt x 904.1278pt>
File: figures/Progress Images/Iteration-2/SR32-37/SR32 - Basic Polygon from API.png Graphic file (type png)
<use figures/Progress Images/Iteration-2/SR32-37/SR32 - Basic Polygon from API.png>
Package pdftex.def Info: figures/Progress Images/Iteration-2/SR32-37/SR32 - Basic Polygon from API.png  used on input line 138.
(pdftex.def)             Requested size: 426.5953pt x 418.58023pt.
<figures/Progress Images/Iteration-2/SR32-37/sr32-add-hazard-point-sql.png, id=1271, 718.685pt x 941.5175pt>
File: figures/Progress Images/Iteration-2/SR32-37/sr32-add-hazard-point-sql.png Graphic file (type png)
<use figures/Progress Images/Iteration-2/SR32-37/sr32-add-hazard-point-sql.png>
Package pdftex.def Info: figures/Progress Images/Iteration-2/SR32-37/sr32-add-hazard-point-sql.png  used on input line 145.
(pdftex.def)             Requested size: 426.5953pt x 558.88098pt.
<figures/Progress Images/Iteration-2/SR32-37/sr32-add-polygon-marker-to-map.png, id=1272, 1925.69438pt x 1025.33063pt>
File: figures/Progress Images/Iteration-2/SR32-37/sr32-add-polygon-marker-to-map.png Graphic file (type png)
<use figures/Progress Images/Iteration-2/SR32-37/sr32-add-polygon-marker-to-map.png>
Package pdftex.def Info: figures/Progress Images/Iteration-2/SR32-37/sr32-add-polygon-marker-to-map.png  used on input line 152.
(pdftex.def)             Requested size: 426.5953pt x 227.13795pt.
<figures/Progress Images/Iteration-2/SR32-37/sr32-create-polygon.png, id=1273, 1926.44719pt x 1026.08344pt>
File: figures/Progress Images/Iteration-2/SR32-37/sr32-create-polygon.png Graphic file (type png)
<use figures/Progress Images/Iteration-2/SR32-37/sr32-create-polygon.png>
Package pdftex.def Info: figures/Progress Images/Iteration-2/SR32-37/sr32-create-polygon.png  used on input line 159.
(pdftex.def)             Requested size: 426.5953pt x 227.21078pt.
<figures/Progress Images/Iteration-2/SR40-45/SR40 - Issue, multiple layers .png, id=1274, 1417.54594pt x 993.7125pt>
File: figures/Progress Images/Iteration-2/SR40-45/SR40 - Issue, multiple layers .png Graphic file (type png)
<use figures/Progress Images/Iteration-2/SR40-45/SR40 - Issue, multiple layers .png>
Package pdftex.def Info: figures/Progress Images/Iteration-2/SR40-45/SR40 - Issue, multiple layers .png  used on input line 166.
(pdftex.def)             Requested size: 426.5953pt x 299.04097pt.
<figures/Progress Images/Iteration-2/SR40-45/SR40 - Map Legend.png, id=1275, 1926.44719pt x 991.45406pt>
File: figures/Progress Images/Iteration-2/SR40-45/SR40 - Map Legend.png Graphic file (type png)
<use figures/Progress Images/Iteration-2/SR40-45/SR40 - Map Legend.png>
Package pdftex.def Info: figures/Progress Images/Iteration-2/SR40-45/SR40 - Map Legend.png  used on input line 173.
(pdftex.def)             Requested size: 426.5953pt x 219.54263pt.
<figures/Progress Images/Iteration-2/SR40-45/SR41 - Accommodation KeyPOI.png, id=1276, 1927.2pt x 994.46532pt>
File: figures/Progress Images/Iteration-2/SR40-45/SR41 - Accommodation KeyPOI.png Graphic file (type png)
<use figures/Progress Images/Iteration-2/SR40-45/SR41 - Accommodation KeyPOI.png>
Package pdftex.def Info: figures/Progress Images/Iteration-2/SR40-45/SR41 - Accommodation KeyPOI.png  used on input line 180.
(pdftex.def)             Requested size: 426.5953pt x 220.11838pt.
<figures/Progress Images/Iteration-2/SR40-45/SR42 - Attractions KeyPOI.png, id=1277, 1927.2pt x 991.45406pt>
File: figures/Progress Images/Iteration-2/SR40-45/SR42 - Attractions KeyPOI.png Graphic file (type png)
<use figures/Progress Images/Iteration-2/SR40-45/SR42 - Attractions KeyPOI.png>
Package pdftex.def Info: figures/Progress Images/Iteration-2/SR40-45/SR42 - Attractions KeyPOI.png  used on input line 187.
(pdftex.def)             Requested size: 426.5953pt x 219.45186pt.
) [70




 <./figures/Progress Images/Iteration-2/SR9-10/SR9 - Arrive Time.png (PNG copy)>] [71 <./figures/Progress Images/Iteration-2/SR9-10/SR9 - Leave Time.png (PNG copy)> <./figures/Progress Images/Iteration-2/SR9-10/SR9_10 - Leave_Arrival Time.png (PNG copy)>] [72 <./figures/Progress Images/Iteration-2/SR15/SR15 - Save to GDrive Modal working.png (PNG copy)> <./figures/Progress Images/Iteration-2/SR15/SR15 - Success.png (PNG copy)>] [73 <./figures/Progress Images/Iteration-2/SR17/SR17 Invalid Email.png> <./figures/Progress Images/Iteration-2/SR17/SR17 Invalid File type.png>] [74 <./figures/Progress Images/Iteration-2/SR17/SR17 Invalid Filename.png> <./figures/Progress Images/Iteration-2/SR17/SR17 Success.png>] [75 <./figures/Progress Images/Iteration-2/SR18/SR18 Create Activity Fail - Missing Activity Name.png (PNG copy)>] [76 <./figures/Progress Images/Iteration-2/SR18/SR18 Create Activity Fail - Missing Avg Speed.png (PNG copy)>] [77 <./figures/Progress Images/Iteration-2/SR18/SR18 Create Activity Fail - Missing DateTime.png (PNG copy)> <./figures/Progress Images/Iteration-2/SR18/SR18 Create Activity Success.png (PNG copy)>] [78 <./figures/Progress Images/Iteration-2/SR18/SR18 Share Panel.png (PNG copy)> <./figures/Progress Images/Iteration-2/SR18/SR18 Strava Auth.png (PNG copy)>] [79 <./figures/Progress Images/Iteration-2/SR18/SR18 Strava Example 3.png (PNG copy)>] [80 <./figures/Progress Images/Iteration-2/SR30/SR30-Zoom Elevation Chart and Fly Map to same bounds.png (PNG copy)> <./figures/Progress Images/Iteration-2/SR31/SR31 Colours updated and new waypoints.png (PNG copy)>] [81 <./figures/Progress Images/Iteration-2/SR32-37/SR32 - Basic API for selecting hazards.png (PNG copy)>] [82 <./figures/Progress Images/Iteration-2/SR32-37/SR32 - Basic Polygon from API.png (PNG copy)>] [83 <./figures/Progress Images/Iteration-2/SR32-37/sr32-add-hazard-point-sql.png>] [84 <./figures/Progress Images/Iteration-2/SR32-37/sr32-add-polygon-marker-to-map.png (PNG copy)> <./figures/Progress Images/Iteration-2/SR32-37/sr32-create-polygon.png (PNG copy)>] [85 <./figures/Progress Images/Iteration-2/SR40-45/SR40 - Issue, multiple layers .png (PNG copy)> <./figures/Progress Images/Iteration-2/SR40-45/SR40 - Map Legend.png (PNG copy)>] [86 <./figures/Progress Images/Iteration-2/SR40-45/SR41 - Accommodation KeyPOI.png (PNG copy)> <./figures/Progress Images/Iteration-2/SR40-45/SR42 - Attractions KeyPOI.png (PNG copy)>]
\openout2 = `16-appendix-e.aux'.

 (./16-appendix-e.tex
Appendix E.
File: figures/Progress Images/Iteration-1/SR7/SR9 Top Panel added and Avoid functionality implemented Avoid Ferries Example.png Graphic file (type png)
<use figures/Progress Images/Iteration-1/SR7/SR9 Top Panel added and Avoid functionality implemented Avoid Ferries Example.png>
Package pdftex.def Info: figures/Progress Images/Iteration-1/SR7/SR9 Top Panel added and Avoid functionality implemented Avoid Ferries Example.png  used on input line 5.
(pdftex.def)             Requested size: 426.5953pt x 209.28218pt.
File: figures/Progress Images/Iteration-1/SR7/SR9 Top Panel added and Avoid functionality implemented.png Graphic file (type png)
<use figures/Progress Images/Iteration-1/SR7/SR9 Top Panel added and Avoid functionality implemented.png>
Package pdftex.def Info: figures/Progress Images/Iteration-1/SR7/SR9 Top Panel added and Avoid functionality implemented.png  used on input line 12.
(pdftex.def)             Requested size: 426.5953pt x 209.83568pt.
File: figures/Progress Images/Iteration-1/SR12/SR13 GPX Icon Added (bottom right).png Graphic file (type png)
<use figures/Progress Images/Iteration-1/SR12/SR13 GPX Icon Added (bottom right).png>
Package pdftex.def Info: figures/Progress Images/Iteration-1/SR12/SR13 GPX Icon Added (bottom right).png  used on input line 19.
(pdftex.def)             Requested size: 426.5953pt x 208.05362pt.
File: figures/Progress Images/Iteration-1/SR12/SR13 GPX Successful upload Strava (manual).png Graphic file (type png)
<use figures/Progress Images/Iteration-1/SR12/SR13 GPX Successful upload Strava (manual).png>
Package pdftex.def Info: figures/Progress Images/Iteration-1/SR12/SR13 GPX Successful upload Strava (manual).png  used on input line 26.
(pdftex.def)             Requested size: 426.5953pt x 208.7219pt.
File: figures/Progress Images/Iteration-1/SR12/SR14 GeoJSON Export.png Graphic file (type png)
<use figures/Progress Images/Iteration-1/SR12/SR14 GeoJSON Export.png>
Package pdftex.def Info: figures/Progress Images/Iteration-1/SR12/SR14 GeoJSON Export.png  used on input line 33.
(pdftex.def)             Requested size: 426.5953pt x 208.84029pt.
File: figures/Progress Images/Iteration-1/SR19/Basic Weather Panel.png Graphic file (type png)
<use figures/Progress Images/Iteration-1/SR19/Basic Weather Panel.png>
Package pdftex.def Info: figures/Progress Images/Iteration-1/SR19/Basic Weather Panel.png  used on input line 40.
(pdftex.def)             Requested size: 426.5953pt x 229.31592pt.
File: figures/Progress Images/Iteration-1/SR28/Basic Elevation Plot.png Graphic file (type png)
<use figures/Progress Images/Iteration-1/SR28/Basic Elevation Plot.png>
Package pdftex.def Info: figures/Progress Images/Iteration-1/SR28/Basic Elevation Plot.png  used on input line 47.
(pdftex.def)             Requested size: 426.5953pt x 204.06773pt.
File: figures/Progress Images/Iteration-1/SR28/Basic Elevation Plot Show Functionality.png Graphic file (type png)
<use figures/Progress Images/Iteration-1/SR28/Basic Elevation Plot Show Functionality.png>
Package pdftex.def Info: figures/Progress Images/Iteration-1/SR28/Basic Elevation Plot Show Functionality.png  used on input line 54.
(pdftex.def)             Requested size: 426.5953pt x 202.6292pt.
File: figures/Progress Images/Iteration-1/SR28/Basic Elevation Plot Hide Functionality.png Graphic file (type png)
<use figures/Progress Images/Iteration-1/SR28/Basic Elevation Plot Hide Functionality.png>
Package pdftex.def Info: figures/Progress Images/Iteration-1/SR28/Basic Elevation Plot Hide Functionality.png  used on input line 61.
(pdftex.def)             Requested size: 426.5953pt x 202.85138pt.
) [87




] [88] [89] [90] [91]
\openout2 = `17-appendix-f.aux'.

 (./17-appendix-f.tex
Appendix F.
<figures/ethics_certificate.pdf, id=1372, 598.235pt x 845.1575pt>
File: figures/ethics_certificate.pdf Graphic file (type pdf)
<use figures/ethics_certificate.pdf>
Package pdftex.def Info: figures/ethics_certificate.pdf  used on input line 2.
(pdftex.def)             Requested size: 598.23354pt x 845.15544pt.
File: figures/ethics_certificate.pdf Graphic file (type pdf)
<use figures/ethics_certificate.pdf>
Package pdftex.def Info: figures/ethics_certificate.pdf  used on input line 2.
(pdftex.def)             Requested size: 598.23354pt x 845.15544pt.
<figures/ethics_certificate.pdf, id=1375, page=1, 598.235pt x 845.1575pt>
File: figures/ethics_certificate.pdf Graphic file (type pdf)
<use figures/ethics_certificate.pdf, page 1>
Package pdftex.def Info: figures/ethics_certificate.pdf , page1 used on input line 2.
(pdftex.def)             Requested size: 598.23354pt x 845.15544pt.
File: figures/ethics_certificate.pdf Graphic file (type pdf)
<use figures/ethics_certificate.pdf, page 1>
Package pdftex.def Info: figures/ethics_certificate.pdf , page1 used on input line 2.
(pdftex.def)             Requested size: 597.7406pt x 844.45905pt.
[92




]
File: figures/ethics_certificate.pdf Graphic file (type pdf)
<use figures/ethics_certificate.pdf, page 1>
Package pdftex.def Info: figures/ethics_certificate.pdf , page1 used on input line 2.
(pdftex.def)             Requested size: 597.7406pt x 844.45905pt.
File: figures/ethics_certificate.pdf Graphic file (type pdf)
<use figures/ethics_certificate.pdf, page 1>
Package pdftex.def Info: figures/ethics_certificate.pdf , page1 used on input line 2.
(pdftex.def)             Requested size: 597.7406pt x 844.45905pt.
File: figures/ethics_certificate.pdf Graphic file (type pdf)
<use figures/ethics_certificate.pdf, page 1>
Package pdftex.def Info: figures/ethics_certificate.pdf , page1 used on input line 2.
(pdftex.def)             Requested size: 597.7406pt x 844.45905pt.
 [93 <./figures/ethics_certificate.pdf>]
<figures/ethics_certificate.pdf, id=1398, page=2, 598.235pt x 845.1575pt>
File: figures/ethics_certificate.pdf Graphic file (type pdf)
<use figures/ethics_certificate.pdf, page 2>
Package pdftex.def Info: figures/ethics_certificate.pdf , page2 used on input line 2.
(pdftex.def)             Requested size: 597.7406pt x 844.45905pt.
File: figures/ethics_certificate.pdf Graphic file (type pdf)
<use figures/ethics_certificate.pdf, page 2>
Package pdftex.def Info: figures/ethics_certificate.pdf , page2 used on input line 2.
(pdftex.def)             Requested size: 597.7406pt x 844.45905pt.
File: figures/ethics_certificate.pdf Graphic file (type pdf)
<use figures/ethics_certificate.pdf, page 2>
Package pdftex.def Info: figures/ethics_certificate.pdf , page2 used on input line 2.
(pdftex.def)             Requested size: 597.7406pt x 844.45905pt.
 [94 <./figures/ethics_certificate.pdf>])
\openout2 = `18-appendix-g.aux'.

 (./18-appendix-g.tex
Appendix G.
<figures/PID.pdf, id=1403, 598.235pt x 845.1575pt>
File: figures/PID.pdf Graphic file (type pdf)
<use figures/PID.pdf>
Package pdftex.def Info: figures/PID.pdf  used on input line 2.
(pdftex.def)             Requested size: 598.23354pt x 845.15544pt.
File: figures/PID.pdf Graphic file (type pdf)
<use figures/PID.pdf>
Package pdftex.def Info: figures/PID.pdf  used on input line 2.
(pdftex.def)             Requested size: 598.23354pt x 845.15544pt.
<figures/PID.pdf, id=1406, page=1, 598.235pt x 845.1575pt>
File: figures/PID.pdf Graphic file (type pdf)
<use figures/PID.pdf, page 1>
Package pdftex.def Info: figures/PID.pdf , page1 used on input line 2.
(pdftex.def)             Requested size: 598.23354pt x 845.15544pt.
File: figures/PID.pdf Graphic file (type pdf)
<use figures/PID.pdf, page 1>
Package pdftex.def Info: figures/PID.pdf , page1 used on input line 2.
(pdftex.def)             Requested size: 597.7406pt x 844.45905pt.
[95




]
File: figures/PID.pdf Graphic file (type pdf)
<use figures/PID.pdf, page 1>
Package pdftex.def Info: figures/PID.pdf , page1 used on input line 2.
(pdftex.def)             Requested size: 597.7406pt x 844.45905pt.
File: figures/PID.pdf Graphic file (type pdf)
<use figures/PID.pdf, page 1>
Package pdftex.def Info: figures/PID.pdf , page1 used on input line 2.
(pdftex.def)             Requested size: 597.7406pt x 844.45905pt.
File: figures/PID.pdf Graphic file (type pdf)
<use figures/PID.pdf, page 1>
Package pdftex.def Info: figures/PID.pdf , page1 used on input line 2.
(pdftex.def)             Requested size: 597.7406pt x 844.45905pt.
 [96 <./figures/PID.pdf>]
<figures/PID.pdf, id=1429, page=2, 598.235pt x 845.1575pt>
File: figures/PID.pdf Graphic file (type pdf)
<use figures/PID.pdf, page 2>
Package pdftex.def Info: figures/PID.pdf , page2 used on input line 2.
(pdftex.def)             Requested size: 597.7406pt x 844.45905pt.
File: figures/PID.pdf Graphic file (type pdf)
<use figures/PID.pdf, page 2>
Package pdftex.def Info: figures/PID.pdf , page2 used on input line 2.
(pdftex.def)             Requested size: 597.7406pt x 844.45905pt.
File: figures/PID.pdf Graphic file (type pdf)
<use figures/PID.pdf, page 2>
Package pdftex.def Info: figures/PID.pdf , page2 used on input line 2.
(pdftex.def)             Requested size: 597.7406pt x 844.45905pt.
 [97 <./figures/PID.pdf>]
<figures/PID.pdf, id=1436, page=3, 598.235pt x 845.1575pt>
File: figures/PID.pdf Graphic file (type pdf)
<use figures/PID.pdf, page 3>
Package pdftex.def Info: figures/PID.pdf , page3 used on input line 2.
(pdftex.def)             Requested size: 597.7406pt x 844.45905pt.
File: figures/PID.pdf Graphic file (type pdf)
<use figures/PID.pdf, page 3>
Package pdftex.def Info: figures/PID.pdf , page3 used on input line 2.
(pdftex.def)             Requested size: 597.7406pt x 844.45905pt.
File: figures/PID.pdf Graphic file (type pdf)
<use figures/PID.pdf, page 3>
Package pdftex.def Info: figures/PID.pdf , page3 used on input line 2.
(pdftex.def)             Requested size: 597.7406pt x 844.45905pt.
 [98 <./figures/PID.pdf>]
<figures/PID.pdf, id=1441, page=4, 598.235pt x 845.1575pt>
File: figures/PID.pdf Graphic file (type pdf)
<use figures/PID.pdf, page 4>
Package pdftex.def Info: figures/PID.pdf , page4 used on input line 2.
(pdftex.def)             Requested size: 597.7406pt x 844.45905pt.
File: figures/PID.pdf Graphic file (type pdf)
<use figures/PID.pdf, page 4>
Package pdftex.def Info: figures/PID.pdf , page4 used on input line 2.
(pdftex.def)             Requested size: 597.7406pt x 844.45905pt.
File: figures/PID.pdf Graphic file (type pdf)
<use figures/PID.pdf, page 4>
Package pdftex.def Info: figures/PID.pdf , page4 used on input line 2.
(pdftex.def)             Requested size: 597.7406pt x 844.45905pt.
 [99 <./figures/PID.pdf>]
<figures/PID.pdf, id=1452, page=5, 598.235pt x 845.1575pt>
File: figures/PID.pdf Graphic file (type pdf)
<use figures/PID.pdf, page 5>
Package pdftex.def Info: figures/PID.pdf , page5 used on input line 2.
(pdftex.def)             Requested size: 597.7406pt x 844.45905pt.
File: figures/PID.pdf Graphic file (type pdf)
<use figures/PID.pdf, page 5>
Package pdftex.def Info: figures/PID.pdf , page5 used on input line 2.
(pdftex.def)             Requested size: 597.7406pt x 844.45905pt.
File: figures/PID.pdf Graphic file (type pdf)
<use figures/PID.pdf, page 5>
Package pdftex.def Info: figures/PID.pdf , page5 used on input line 2.
(pdftex.def)             Requested size: 597.7406pt x 844.45905pt.
 [100 <./figures/PID.pdf>]
<figures/PID.pdf, id=1458, page=6, 598.235pt x 845.1575pt>
File: figures/PID.pdf Graphic file (type pdf)
<use figures/PID.pdf, page 6>
Package pdftex.def Info: figures/PID.pdf , page6 used on input line 2.
(pdftex.def)             Requested size: 597.7406pt x 844.45905pt.
File: figures/PID.pdf Graphic file (type pdf)
<use figures/PID.pdf, page 6>
Package pdftex.def Info: figures/PID.pdf , page6 used on input line 2.
(pdftex.def)             Requested size: 597.7406pt x 844.45905pt.
File: figures/PID.pdf Graphic file (type pdf)
<use figures/PID.pdf, page 6>
Package pdftex.def Info: figures/PID.pdf , page6 used on input line 2.
(pdftex.def)             Requested size: 597.7406pt x 844.45905pt.
 [101 <./figures/PID.pdf>]
<figures/PID.pdf, id=1463, page=7, 598.235pt x 845.1575pt>
File: figures/PID.pdf Graphic file (type pdf)
<use figures/PID.pdf, page 7>
Package pdftex.def Info: figures/PID.pdf , page7 used on input line 2.
(pdftex.def)             Requested size: 597.7406pt x 844.45905pt.
File: figures/PID.pdf Graphic file (type pdf)
<use figures/PID.pdf, page 7>
Package pdftex.def Info: figures/PID.pdf , page7 used on input line 2.
(pdftex.def)             Requested size: 597.7406pt x 844.45905pt.
File: figures/PID.pdf Graphic file (type pdf)
<use figures/PID.pdf, page 7>
Package pdftex.def Info: figures/PID.pdf , page7 used on input line 2.
(pdftex.def)             Requested size: 597.7406pt x 844.45905pt.
 [102 <./figures/PID.pdf>]
<figures/PID.pdf, id=1469, page=8, 598.235pt x 845.1575pt>
File: figures/PID.pdf Graphic file (type pdf)
<use figures/PID.pdf, page 8>
Package pdftex.def Info: figures/PID.pdf , page8 used on input line 2.
(pdftex.def)             Requested size: 597.7406pt x 844.45905pt.
File: figures/PID.pdf Graphic file (type pdf)
<use figures/PID.pdf, page 8>
Package pdftex.def Info: figures/PID.pdf , page8 used on input line 2.
(pdftex.def)             Requested size: 597.7406pt x 844.45905pt.
File: figures/PID.pdf Graphic file (type pdf)
<use figures/PID.pdf, page 8>
Package pdftex.def Info: figures/PID.pdf , page8 used on input line 2.
(pdftex.def)             Requested size: 597.7406pt x 844.45905pt.
 [103 <./figures/PID.pdf>]) (./01-main.aux (./02-introduction.aux) (./03-litreview.aux) (./04-methodology.aux) (./05-project_management.aux) (./06-requirements.aux) (./07-design.aux) (./08-implementation.aux) (./09-testing.aux) (./10-evaluation.aux) (./11-reflection_and_conclusion.aux) (./12-appendix-a.aux) (./13-appendix-b.aux) (./14-appendix-c.aux) (./15-appendix-d.aux) (./16-appendix-e.aux) (./17-appendix-f.aux) (./18-appendix-g.aux))

LaTeX Warning: There were multiply-defined labels.

Package rerunfilecheck Info: File `01-main.out' has not changed.
(rerunfilecheck)             Checksum: B1FB6C89C460AC41EA0B00F047C03CFA;13464.
Package logreq Info: Writing requests to '01-main.run.xml'.
\openout1 = `01-main.run.xml'.

 ) 
Here is how much of TeX's memory you used:
 25760 strings out of 477985
 493581 string characters out of 5840059
 1891388 words of memory out of 5000000
 45045 multiletter control sequences out of 15000+600000
 557556 words of font info for 81 fonts, out of 8000000 for 9000
 14 hyphenation exceptions out of 8191
 94i,17n,92p,2233b,5049s stack positions out of 10000i,1000n,20000p,200000b,200000s
</usr/share/texmf-dist/fonts/type1/urw/times/utmb8a.pfb></usr/share/texmf-dist/fonts/type1/urw/times/utmr8a.pfb></usr/share/texmf-dist/fonts/type1/urw/times/utmri8a.pfb>
Output written on 01-main.pdf (103 pages, 105479476 bytes).
PDF statistics:
 1566 PDF objects out of 1728 (max. 8388607)
 1319 compressed objects within 14 object streams
 329 named destinations out of 1000 (max. 500000)
 1108 words of extra memory for PDF output out of 10000 (max. 10000000)

