\BOOKMARK [0][-]{chapter.1}{\376\377\000I\000n\000t\000r\000o\000d\000u\000c\000t\000i\000o\000n}{}% 1
\BOOKMARK [1][-]{section.1.1}{\376\377\000O\000v\000e\000r\000v\000i\000e\000w}{chapter.1}% 2
\BOOKMARK [1][-]{section.1.2}{\376\377\000A\000i\000m\000s\000\040\000a\000n\000d\000\040\000O\000b\000j\000e\000c\000t\000i\000v\000e\000s}{chapter.1}% 3
\BOOKMARK [1][-]{section.1.3}{\376\377\000P\000r\000o\000p\000o\000s\000e\000d\000\040\000S\000o\000l\000u\000t\000i\000o\000n}{chapter.1}% 4
\BOOKMARK [1][-]{section.1.4}{\376\377\000S\000c\000o\000p\000e}{chapter.1}% 5
\BOOKMARK [1][-]{section.1.5}{\376\377\000D\000e\000l\000i\000v\000e\000r\000a\000b\000l\000e\000s}{chapter.1}% 6
\BOOKMARK [1][-]{section.1.6}{\376\377\000R\000e\000s\000o\000u\000r\000c\000e\000s\000\040\000a\000n\000d\000\040\000F\000a\000c\000i\000l\000i\000t\000i\000e\000s\000\040\000u\000s\000e\000d}{chapter.1}% 7
\BOOKMARK [1][-]{section.1.7}{\376\377\000R\000i\000s\000k\000\040\000A\000s\000s\000e\000s\000s\000m\000e\000n\000t}{chapter.1}% 8
\BOOKMARK [1][-]{section.1.8}{\376\377\000L\000e\000g\000a\000l\000,\000\040\000E\000t\000h\000i\000c\000a\000l\000,\000\040\000S\000o\000c\000i\000a\000l\000\040\000a\000n\000d\000\040\000P\000r\000o\000f\000e\000s\000s\000i\000o\000n\000a\000l\000\040\000i\000s\000s\000u\000e\000s}{chapter.1}% 9
\BOOKMARK [0][-]{chapter.2}{\376\377\000L\000i\000t\000e\000r\000a\000t\000u\000r\000e\000\040\000R\000e\000v\000i\000e\000w}{}% 10
\BOOKMARK [1][-]{section.2.1}{\376\377\000B\000a\000c\000k\000g\000r\000o\000u\000n\000d}{chapter.2}% 11
\BOOKMARK [1][-]{section.2.2}{\376\377\000R\000e\000s\000e\000a\000r\000c\000h\000\040\000M\000e\000t\000h\000o\000d\000s}{chapter.2}% 12
\BOOKMARK [1][-]{section.2.3}{\376\377\000C\000o\000m\000p\000e\000t\000i\000n\000g\000\040\000P\000r\000o\000d\000u\000c\000t\000s}{chapter.2}% 13
\BOOKMARK [2][-]{subsection.2.3.1}{\376\377\000P\000l\000o\000t\000a\000r\000o\000u\000t\000e\000.\000c\000o\000m}{section.2.3}% 14
\BOOKMARK [2][-]{subsection.2.3.2}{\376\377\000K\000o\000m\000o\000o\000t}{section.2.3}% 15
\BOOKMARK [2][-]{subsection.2.3.3}{\376\377\000G\000o\000o\000g\000l\000e\000\040\000M\000a\000p\000s}{section.2.3}% 16
\BOOKMARK [1][-]{section.2.4}{\376\377\000R\000i\000s\000k\000\040\000F\000a\000c\000t\000o\000r\000s\000\040\000i\000n\000\040\000R\000o\000u\000t\000e\000\040\000P\000l\000a\000n\000n\000i\000n\000g}{chapter.2}% 17
\BOOKMARK [2][-]{subsection.2.4.1}{\376\377\000C\000y\000c\000l\000i\000n\000g\000\040\000I\000n\000f\000r\000a\000s\000t\000r\000u\000c\000t\000u\000r\000e}{section.2.4}% 18
\BOOKMARK [2][-]{subsection.2.4.2}{\376\377\000W\000e\000a\000t\000h\000e\000r\000\040\000C\000o\000n\000d\000i\000t\000i\000o\000n\000s}{section.2.4}% 19
\BOOKMARK [1][-]{section.2.5}{\376\377\000C\000o\000n\000c\000l\000u\000s\000i\000o\000n}{chapter.2}% 20
\BOOKMARK [0][-]{chapter.3}{\376\377\000M\000e\000t\000h\000o\000d\000o\000l\000o\000g\000y}{}% 21
\BOOKMARK [1][-]{section.3.1}{\376\377\000A\000n\000\040\000I\000n\000c\000r\000e\000m\000e\000n\000t\000a\000l\000\040\000D\000e\000v\000e\000l\000o\000p\000m\000e\000n\000t\000\040\000M\000e\000t\000h\000o\000d\000o\000l\000o\000g\000y}{chapter.3}% 22
\BOOKMARK [0][-]{chapter.4}{\376\377\000P\000r\000o\000j\000e\000c\000t\000\040\000M\000a\000n\000a\000g\000e\000m\000e\000n\000t}{}% 23
\BOOKMARK [1][-]{section.4.1}{\376\377\000M\000e\000t\000h\000o\000d\000o\000l\000o\000g\000y}{chapter.4}% 24
\BOOKMARK [1][-]{section.4.2}{\376\377\000G\000i\000t\000H\000u\000b}{chapter.4}% 25
\BOOKMARK [2][-]{subsection.4.2.1}{\376\377\000K\000a\000n\000b\000a\000n\000\040\000B\000o\000a\000r\000d\000\040\000a\000n\000d\000\040\000P\000r\000o\000j\000e\000c\000t\000s}{section.4.2}% 26
\BOOKMARK [2][-]{subsection.4.2.2}{\376\377\000V\000e\000r\000s\000i\000o\000n\000\040\000C\000o\000n\000t\000r\000o\000l}{section.4.2}% 27
\BOOKMARK [1][-]{section.4.3}{\376\377\000S\000u\000p\000e\000r\000v\000i\000s\000o\000r\000\040\000M\000e\000e\000t\000i\000n\000g\000s}{chapter.4}% 28
\BOOKMARK [0][-]{chapter.5}{\376\377\000R\000e\000q\000u\000i\000r\000e\000m\000e\000n\000t\000s}{}% 29
\BOOKMARK [1][-]{section.5.1}{\376\377\000R\000e\000q\000u\000i\000r\000e\000m\000e\000n\000t\000s\000\040\000G\000a\000t\000h\000e\000r\000i\000n\000g}{chapter.5}% 30
\BOOKMARK [1][-]{section.5.2}{\376\377\000I\000d\000e\000n\000t\000i\000f\000y\000i\000n\000g\000\040\000U\000s\000e\000r\000s}{chapter.5}% 31
\BOOKMARK [1][-]{section.5.3}{\376\377\000R\000e\000q\000u\000i\000r\000e\000m\000e\000n\000t\000s\000\040\000S\000p\000e\000c\000i\000f\000i\000c\000a\000t\000i\000o\000n}{chapter.5}% 32
\BOOKMARK [1][-]{section.5.4}{\376\377\000E\000l\000i\000c\000i\000t\000e\000d\000\040\000R\000e\000q\000u\000i\000r\000e\000m\000e\000n\000t\000s}{chapter.5}% 33
\BOOKMARK [0][-]{chapter.6}{\376\377\000D\000e\000s\000i\000g\000n}{}% 34
\BOOKMARK [1][-]{section.6.1}{\376\377\000A\000s\000s\000u\000m\000p\000t\000i\000o\000n\000s\000\040\000a\000n\000d\000\040\000D\000e\000c\000i\000s\000i\000o\000n\000s\000\040\000T\000a\000k\000e\000n}{chapter.6}% 35
\BOOKMARK [1][-]{section.6.2}{\376\377\000U\000s\000e\000r\000\040\000I\000n\000t\000e\000r\000f\000a\000c\000e}{chapter.6}% 36
\BOOKMARK [2][-]{subsection.6.2.1}{\376\377\000C\000o\000l\000o\000u\000r\000\040\000S\000c\000h\000e\000m\000e}{section.6.2}% 37
\BOOKMARK [2][-]{subsection.6.2.2}{\376\377\000L\000o\000w\000\040\000F\000i\000d\000e\000l\000i\000t\000y\000\040\000P\000r\000o\000t\000o\000t\000y\000p\000e}{section.6.2}% 38
\BOOKMARK [2][-]{subsection.6.2.3}{\376\377\000H\000i\000g\000h\000-\000F\000i\000d\000e\000l\000i\000t\000y\000\040\000P\000r\000o\000t\000o\000t\000y\000p\000e}{section.6.2}% 39
\BOOKMARK [1][-]{section.6.3}{\376\377\000U\000s\000e\000\040\000C\000a\000s\000e\000s}{chapter.6}% 40
\BOOKMARK [2][-]{subsection.6.3.1}{\376\377\000U\000s\000e\000\040\000C\000a\000s\000e\000\040\000D\000i\000a\000g\000r\000a\000m}{section.6.3}% 41
\BOOKMARK [1][-]{section.6.4}{\376\377\000S\000y\000s\000t\000e\000m\000\040\000D\000e\000s\000i\000g\000n}{chapter.6}% 42
\BOOKMARK [2][-]{subsection.6.4.1}{\376\377\000A\000r\000c\000h\000i\000t\000e\000c\000t\000u\000r\000e\000\040\000D\000e\000s\000i\000g\000n}{section.6.4}% 43
\BOOKMARK [2][-]{subsection.6.4.2}{\376\377\000D\000a\000t\000a\000b\000a\000s\000e\000\040\000D\000e\000s\000i\000g\000n}{section.6.4}% 44
\BOOKMARK [2][-]{subsection.6.4.3}{\376\377\000M\000o\000d\000u\000l\000a\000r\000\040\000A\000r\000c\000h\000i\000t\000e\000c\000t\000u\000r\000e}{section.6.4}% 45
\BOOKMARK [1][-]{section.6.5}{\376\377\000C\000r\000i\000t\000i\000q\000u\000e\000\040\000o\000f\000\040\000D\000e\000s\000i\000g\000n\000s}{chapter.6}% 46
\BOOKMARK [0][-]{chapter.7}{\376\377\000I\000m\000p\000l\000e\000m\000e\000n\000t\000a\000t\000i\000o\000n}{}% 47
\BOOKMARK [1][-]{section.7.1}{\376\377\000D\000e\000v\000e\000l\000o\000p\000m\000e\000n\000t\000\040\000E\000n\000v\000i\000r\000o\000n\000m\000e\000n\000t}{chapter.7}% 48
\BOOKMARK [1][-]{section.7.2}{\376\377\000I\000t\000e\000r\000a\000t\000i\000o\000n\000\040\0001\000\040\000-\000\040\000B\000a\000s\000i\000c\000\040\000U\000I\000\040\000a\000n\000d\000\040\000C\000o\000r\000e\000\040\000R\000o\000u\000t\000i\000n\000g}{chapter.7}% 49
\BOOKMARK [2][-]{subsection.7.2.1}{\376\377\000L\000e\000a\000f\000l\000e\000t\000\040\000-\000\040\000O\000p\000e\000n\000\040\000S\000t\000r\000e\000e\000t\000\040\000M\000a\000p\000\040\000\050\000O\000S\000M\000\051}{section.7.2}% 50
\BOOKMARK [2][-]{subsection.7.2.2}{\376\377\000B\000a\000s\000i\000c\000\040\000R\000o\000u\000t\000e\000\040\000P\000l\000a\000n\000n\000i\000n\000g}{section.7.2}% 51
\BOOKMARK [2][-]{subsection.7.2.3}{\376\377\000E\000l\000e\000v\000a\000t\000i\000o\000n\000\040\000C\000h\000a\000r\000t}{section.7.2}% 52
\BOOKMARK [2][-]{subsection.7.2.4}{\376\377\000W\000e\000a\000t\000h\000e\000r\000\040\000I\000n\000f\000o\000r\000m\000a\000t\000i\000o\000n\000\040\000P\000a\000n\000e\000l}{section.7.2}% 53
\BOOKMARK [2][-]{subsection.7.2.5}{\376\377\000M\000a\000i\000n\000\040\000C\000h\000a\000l\000l\000e\000n\000g\000e\000s}{section.7.2}% 54
\BOOKMARK [1][-]{section.7.3}{\376\377\000I\000t\000e\000r\000a\000t\000i\000o\000n\000\040\0002\000\040\000-\000\040\000R\000o\000u\000t\000e\000\040\000S\000h\000a\000r\000i\000n\000g\000,\000\040\000H\000a\000z\000a\000r\000d\000\040\000I\000n\000d\000e\000x\000\040\000a\000n\000d\000\040\000P\000O\000I\000\040\000I\000n\000t\000e\000g\000r\000a\000t\000i\000o\000n}{chapter.7}% 55
\BOOKMARK [2][-]{subsection.7.3.1}{\376\377\000S\000h\000a\000r\000i\000n\000g\000\040\000R\000o\000u\000t\000e\000\040\000F\000u\000n\000c\000t\000i\000o\000n\000a\000l\000i\000t\000y}{section.7.3}% 56
\BOOKMARK [2][-]{subsection.7.3.2}{\376\377\000H\000a\000z\000a\000r\000d\000\040\000I\000n\000d\000e\000x\000\040\000D\000a\000t\000a\000b\000a\000s\000e\000\040\000C\000r\000e\000a\000t\000i\000o\000n\000\040\000a\000n\000d\000\040\000I\000n\000t\000e\000g\000r\000a\000t\000i\000o\000n}{section.7.3}% 57
\BOOKMARK [2][-]{subsection.7.3.3}{\376\377\000K\000e\000y\000\040\000P\000o\000i\000n\000t\000-\000o\000f\000-\000I\000n\000t\000e\000r\000e\000s\000t\000\040\000\050\000P\000O\000I\000\051\000\040\000I\000n\000t\000e\000g\000r\000a\000t\000i\000o\000n}{section.7.3}% 58
\BOOKMARK [2][-]{subsection.7.3.4}{\376\377\000M\000a\000i\000n\000\040\000C\000h\000a\000l\000l\000e\000n\000g\000e\000s}{section.7.3}% 59
\BOOKMARK [1][-]{section.7.4}{\376\377\000I\000t\000e\000r\000a\000t\000i\000o\000n\000\040\0003\000\040\000-\000\040\000R\000o\000u\000n\000d\000\040\000T\000r\000i\000p\000,\000\040\000R\000o\000u\000t\000e\000\040\000I\000m\000p\000o\000r\000t\000\040\000a\000n\000d\000\040\000G\000a\000r\000m\000i\000n\000\040\000I\000n\000t\000e\000g\000r\000a\000t\000i\000o\000n}{chapter.7}% 60
\BOOKMARK [2][-]{subsection.7.4.1}{\376\377\000R\000o\000u\000n\000d\000\040\000T\000r\000i\000p\000\040\000R\000o\000u\000t\000i\000n\000g}{section.7.4}% 61
\BOOKMARK [2][-]{subsection.7.4.2}{\376\377\000R\000o\000u\000t\000e\000\040\000I\000m\000p\000o\000r\000t}{section.7.4}% 62
\BOOKMARK [2][-]{subsection.7.4.3}{\376\377\000G\000a\000r\000m\000i\000n\000\040\000C\000o\000n\000n\000e\000c\000t\000\040\000I\000n\000t\000e\000g\000r\000a\000t\000i\000o\000n}{section.7.4}% 63
\BOOKMARK [2][-]{subsection.7.4.4}{\376\377\000S\000o\000c\000i\000a\000l\000\040\000M\000e\000d\000i\000a\000\040\000S\000h\000a\000r\000i\000n\000g}{section.7.4}% 64
\BOOKMARK [2][-]{subsection.7.4.5}{\376\377\000M\000a\000i\000n\000\040\000C\000h\000a\000l\000l\000e\000n\000g\000e\000s}{section.7.4}% 65
\BOOKMARK [0][-]{chapter.8}{\376\377\000T\000e\000s\000t\000i\000n\000g}{}% 66
\BOOKMARK [1][-]{section.8.1}{\376\377\000U\000n\000i\000t\000\040\000T\000e\000s\000t\000i\000n\000g}{chapter.8}% 67
\BOOKMARK [1][-]{section.8.2}{\376\377\000P\000o\000s\000t\000m\000a\000n}{chapter.8}% 68
\BOOKMARK [1][-]{section.8.3}{\376\377\000C\000h\000r\000o\000m\000e\000\040\000D\000e\000v\000e\000l\000o\000p\000e\000r\000\040\000T\000o\000o\000l\000s}{chapter.8}% 69
\BOOKMARK [0][-]{chapter.9}{\376\377\000E\000v\000a\000l\000u\000a\000t\000i\000o\000n}{}% 70
\BOOKMARK [1][-]{section.9.1}{\376\377\000P\000r\000o\000j\000e\000c\000t\000\040\000T\000i\000m\000e\000l\000i\000n\000e\000\040\000a\000n\000d\000\040\000M\000a\000n\000a\000g\000e\000m\000e\000n\000t}{chapter.9}% 71
\BOOKMARK [1][-]{section.9.2}{\376\377\000E\000v\000a\000l\000u\000a\000t\000i\000n\000g\000\040\000R\000e\000q\000u\000i\000r\000e\000m\000e\000n\000t\000s}{chapter.9}% 72
\BOOKMARK [1][-]{section.9.3}{\376\377\000L\000i\000m\000i\000t\000a\000t\000i\000o\000n\000s}{chapter.9}% 73
\BOOKMARK [1][-]{section.9.4}{\376\377\000F\000u\000t\000u\000r\000e\000\040\000W\000o\000r\000k}{chapter.9}% 74
\BOOKMARK [0][-]{chapter.10}{\376\377\000R\000e\000f\000l\000e\000c\000t\000i\000o\000n\000\040\000a\000n\000d\000\040\000C\000o\000n\000c\000l\000u\000s\000i\000o\000n}{}% 75
\BOOKMARK [0][-]{section*.57}{\376\377\000R\000e\000f\000e\000r\000e\000n\000c\000e\000s}{}% 76
\BOOKMARK [0][-]{appendix.A}{\376\377\000C\000u\000r\000r\000e\000n\000t\000\040\000S\000o\000l\000u\000t\000i\000o\000n\000s}{}% 77
\BOOKMARK [0][-]{appendix.B}{\376\377\000I\000n\000i\000t\000i\000a\000l\000\040\000U\000s\000e\000r\000\040\000R\000e\000q\000u\000i\000r\000e\000m\000e\000n\000t\000s}{}% 78
